"../../../Engine/Content/EngineSounds/Master.uasset" 0
"../../../Engine/Content/EngineSounds/Master.uexp" 1
"../../../Engine/Content/EngineSky/T_Sky_Stars.ubulk" 2
"../../../Engine/Content/EngineSky/T_Sky_Stars.uasset" 3
"../../../Engine/Content/EngineSky/T_Sky_Stars.uexp" 4
"../../../Engine/Content/EngineSky/T_Sky_Clouds_M.ubulk" 5
"../../../Engine/Content/EngineSky/T_Sky_Clouds_M.uasset" 6
"../../../Engine/Content/EngineSky/T_Sky_Clouds_M.uexp" 7
"../../../Engine/Content/EngineSky/T_Sky_Blue.ubulk" 8
"../../../Engine/Content/EngineSky/T_Sky_Blue.uasset" 9
"../../../Engine/Content/EngineSky/T_Sky_Blue.uexp" 10
"../../../Engine/Content/EngineSky/M_Sky_Panning_Clouds2.uasset" 11
"../../../Engine/Content/EngineSky/M_Sky_Panning_Clouds2.uexp" 12
"../../../Engine/Content/EngineSky/SM_SkySphere.uasset" 13
"../../../Engine/Content/EngineSky/SM_SkySphere.uexp" 14
"../../../Engine/Content/EngineSky/M_SimpleSkyDome.uasset" 15
"../../../Engine/Content/EngineSky/M_SimpleSkyDome.uexp" 16
"../../../Engine/Content/EngineSky/VolumetricClouds/CloudWeatherTexture.uasset" 17
"../../../Engine/Content/EngineSky/VolumetricClouds/CloudWeatherTexture.uexp" 18
"../../../Engine/Content/Functions/Engine_MaterialFunctions02/Utility/MakeFloat2.uasset" 19
"../../../Engine/Content/Functions/Engine_MaterialFunctions02/Utility/MakeFloat2.uexp" 20
"../../../Engine/Content/EngineSky/VolumetricClouds/CloudGradientTexture.uasset" 21
"../../../Engine/Content/EngineSky/VolumetricClouds/CloudGradientTexture.uexp" 22
"../../../Engine/Content/EngineSky/VolumetricClouds/T_NoiseShape64.ubulk" 23
"../../../Engine/Content/EngineSky/VolumetricClouds/T_NoiseShape64.uasset" 24
"../../../Engine/Content/EngineSky/VolumetricClouds/T_NoiseShape64.uexp" 25
"../../../Engine/Content/EngineSky/VolumetricClouds/T_VolumeNoiseShape64.uasset" 26
"../../../Engine/Content/EngineSky/VolumetricClouds/T_VolumeNoiseShape64.uexp" 27
"../../../Engine/Content/EngineSky/VolumetricClouds/T_NoiseErosion.ubulk" 28
"../../../Engine/Content/EngineSky/VolumetricClouds/T_NoiseErosion.uasset" 29
"../../../Engine/Content/EngineSky/VolumetricClouds/T_NoiseErosion.uexp" 30
"../../../Engine/Content/EngineSky/VolumetricClouds/T_VolumeNoiseErosion32.uasset" 31
"../../../Engine/Content/EngineSky/VolumetricClouds/T_VolumeNoiseErosion32.uexp" 32
"../../../Engine/Content/EngineSky/VolumetricClouds/m_SimpleVolumetricCloud.uasset" 33
"../../../Engine/Content/EngineSky/VolumetricClouds/m_SimpleVolumetricCloud.uexp" 34
"../../../Engine/Content/EngineSky/VolumetricClouds/m_SimpleVolumetricCloud_Inst.uasset" 35
"../../../Engine/Content/EngineSky/VolumetricClouds/m_SimpleVolumetricCloud_Inst.uexp" 36
"../../../Engine/Content/EngineResources/GradientTexture0.uasset" 37
"../../../Engine/Content/EngineResources/GradientTexture0.uexp" 38
"../../../Engine/Content/EngineResources/DefaultVolumeTexture2D.uasset" 39
"../../../Engine/Content/EngineResources/DefaultVolumeTexture2D.uexp" 40
"../../../Engine/Content/EngineResources/DefaultVolumeTexture.uasset" 41
"../../../Engine/Content/EngineResources/DefaultVolumeTexture.uexp" 42
"../../../Engine/Content/EngineResources/DefaultTextureCube.uasset" 43
"../../../Engine/Content/EngineResources/DefaultTextureCube.uexp" 44
"../../../Engine/Content/EngineResources/DefaultTexture.ubulk" 45
"../../../Engine/Content/EngineResources/DefaultTexture.uasset" 46
"../../../Engine/Content/EngineResources/DefaultTexture.uexp" 47
"../../../Engine/Content/EngineResources/Black.uasset" 48
"../../../Engine/Content/EngineResources/Black.uexp" 49
"../../../Engine/Content/EngineResources/FilmGrains/Marcie_Grain_v3_128_M2_000.uasset" 50
"../../../Engine/Content/EngineResources/FilmGrains/Marcie_Grain_v3_128_M2_000.uexp" 51
"../../../Engine/Content/EngineMeshes/Sphere.uasset" 52
"../../../Engine/Content/EngineMeshes/Sphere.uexp" 53
"../../../Engine/Content/EngineResources/WhiteSquareTexture.uasset" 54
"../../../Engine/Content/EngineResources/WhiteSquareTexture.uexp" 55
"../../../Engine/Content/EngineMaterials/Widget3DPassThrough.uasset" 56
"../../../Engine/Content/EngineMaterials/Widget3DPassThrough.uexp" 57
"../../../Engine/Content/EngineMaterials/Widget3DPassThrough_Translucent.uasset" 58
"../../../Engine/Content/EngineMaterials/Widget3DPassThrough_Translucent.uexp" 59
"../../../Engine/Content/EngineMaterials/Widget3DPassThrough_Translucent_OneSided.uasset" 60
"../../../Engine/Content/EngineMaterials/Widget3DPassThrough_Translucent_OneSided.uexp" 61
"../../../Engine/Content/EngineMaterials/Widget3DPassThrough_Opaque.uasset" 62
"../../../Engine/Content/EngineMaterials/Widget3DPassThrough_Opaque.uexp" 63
"../../../Engine/Content/EngineMaterials/Widget3DPassThrough_Opaque_OneSided.uasset" 64
"../../../Engine/Content/EngineMaterials/Widget3DPassThrough_Opaque_OneSided.uexp" 65
"../../../Engine/Content/EngineMaterials/Widget3DPassThrough_Masked_OneSided.uasset" 66
"../../../Engine/Content/EngineMaterials/Widget3DPassThrough_Masked_OneSided.uexp" 67
"../../../Engine/Content/EngineMaterials/Widget3DPassThrough_Masked.uasset" 68
"../../../Engine/Content/EngineMaterials/Widget3DPassThrough_Masked.uexp" 69
"../../../Engine/Content/EngineMaterials/WeightMapPlaceholderTexture.uasset" 70
"../../../Engine/Content/EngineMaterials/WeightMapPlaceholderTexture.uexp" 71
"../../../Engine/Content/EngineMaterials/RemoveSurfaceMaterial.uasset" 72
"../../../Engine/Content/EngineMaterials/RemoveSurfaceMaterial.uexp" 73
"../../../Engine/Content/EngineMaterials/PreintegratedSkinBRDF.uasset" 74
"../../../Engine/Content/EngineMaterials/PreintegratedSkinBRDF.uexp" 75
"../../../Engine/Content/EngineMaterials/DefaultCalibrationGrayscale.uasset" 76
"../../../Engine/Content/EngineMaterials/DefaultCalibrationGrayscale.uexp" 77
"../../../Engine/Content/EngineMaterials/PPM_DefaultCalibrationGrayscale.uasset" 78
"../../../Engine/Content/EngineMaterials/PPM_DefaultCalibrationGrayscale.uexp" 79
"../../../Engine/Content/EngineMaterials/DefaultCalibrationColor.uasset" 80
"../../../Engine/Content/EngineMaterials/DefaultCalibrationColor.uexp" 81
"../../../Engine/Content/EngineMaterials/PPM_DefaultCalibrationColor.uasset" 82
"../../../Engine/Content/EngineMaterials/PPM_DefaultCalibrationColor.uexp" 83
"../../../Engine/Content/Functions/Engine_MaterialFunctions02/WorldPositionOffset/CameraOffset.uasset" 84
"../../../Engine/Content/Functions/Engine_MaterialFunctions02/WorldPositionOffset/CameraOffset.uexp" 85
"../../../Engine/Content/EngineMaterials/PhAT_JointLimitMaterial.uasset" 86
"../../../Engine/Content/EngineMaterials/PhAT_JointLimitMaterial.uexp" 87
"../../../Engine/Content/EngineMaterials/InvalidLightmapSettings.ubulk" 88
"../../../Engine/Content/EngineMaterials/InvalidLightmapSettings.uasset" 89
"../../../Engine/Content/EngineMaterials/InvalidLightmapSettings.uexp" 90
"../../../Engine/Content/EngineMaterials/M_InvalidLightmapSettings.uasset" 91
"../../../Engine/Content/EngineMaterials/M_InvalidLightmapSettings.uexp" 92
"../../../Engine/Content/EngineMaterials/MiniFont.uasset" 93
"../../../Engine/Content/EngineMaterials/MiniFont.uexp" 94
"../../../Engine/Content/EngineMaterials/Good64x64TilingNoiseHighFreq.uasset" 95
"../../../Engine/Content/EngineMaterials/Good64x64TilingNoiseHighFreq.uexp" 96
"../../../Engine/Content/EngineMaterials/GizmoMaterial.uasset" 97
"../../../Engine/Content/EngineMaterials/GizmoMaterial.uexp" 98
"../../../Engine/Content/EngineMaterials/BaseFlattenEmissiveMap_VT.uasset" 99
"../../../Engine/Content/EngineMaterials/BaseFlattenEmissiveMap_VT.uexp" 100
"../../../Engine/Content/EngineMaterials/BaseFlattenGrayscaleMap_VT.uasset" 101
"../../../Engine/Content/EngineMaterials/BaseFlattenGrayscaleMap_VT.uexp" 102
"../../../Engine/Content/EngineMaterials/BaseFlattenLinearColor_VT.uasset" 103
"../../../Engine/Content/EngineMaterials/BaseFlattenLinearColor_VT.uexp" 104
"../../../Engine/Content/EngineMaterials/Black_1x1_EXR_Texture_VT.uasset" 105
"../../../Engine/Content/EngineMaterials/Black_1x1_EXR_Texture_VT.uexp" 106
"../../../Engine/Content/EngineMaterials/BaseFlattenDiffuseMap_VT.uasset" 107
"../../../Engine/Content/EngineMaterials/BaseFlattenDiffuseMap_VT.uexp" 108
"../../../Engine/Content/EngineMaterials/BaseFlattenNormalMap_VT.uasset" 109
"../../../Engine/Content/EngineMaterials/BaseFlattenNormalMap_VT.uexp" 110
"../../../Engine/Content/EngineMaterials/FlattenMaterial_WS_Normal_VT.uasset" 111
"../../../Engine/Content/EngineMaterials/FlattenMaterial_WS_Normal_VT.uexp" 112
"../../../Engine/Content/EngineMaterials/FlattenMaterial_VT.uasset" 113
"../../../Engine/Content/EngineMaterials/FlattenMaterial_VT.uexp" 114
"../../../Engine/Content/EngineMaterials/BaseFlattenNormalMap.uasset" 115
"../../../Engine/Content/EngineMaterials/BaseFlattenNormalMap.uexp" 116
"../../../Engine/Content/EngineMaterials/BaseFlattenGrayscaleMap.uasset" 117
"../../../Engine/Content/EngineMaterials/BaseFlattenGrayscaleMap.uexp" 118
"../../../Engine/Content/EngineMaterials/BaseFlattenDiffuseMap.uasset" 119
"../../../Engine/Content/EngineMaterials/BaseFlattenDiffuseMap.uexp" 120
"../../../Engine/Content/Functions/Engine_MaterialFunctions02/PivotPainter2/Black_1x1_EXR_Texture.uasset" 121
"../../../Engine/Content/Functions/Engine_MaterialFunctions02/PivotPainter2/Black_1x1_EXR_Texture.uexp" 122
"../../../Engine/Content/EngineMaterials/BaseFlattenEmissiveMap.uasset" 123
"../../../Engine/Content/EngineMaterials/BaseFlattenEmissiveMap.uexp" 124
"../../../Engine/Content/EngineMaterials/BaseFlattenLinearColor.uasset" 125
"../../../Engine/Content/EngineMaterials/BaseFlattenLinearColor.uexp" 126
"../../../Engine/Content/EngineMaterials/FlattenMaterial.uasset" 127
"../../../Engine/Content/EngineMaterials/FlattenMaterial.uexp" 128
"../../../Engine/Content/EngineMaterials/DefaultWhiteGrid_Low.uasset" 129
"../../../Engine/Content/EngineMaterials/DefaultWhiteGrid_Low.uexp" 130
"../../../Engine/Content/EngineMaterials/EmissiveMeshMaterial.uasset" 131
"../../../Engine/Content/EngineMaterials/EmissiveMeshMaterial.uexp" 132
"../../../Engine/Content/EngineMaterials/DefaultWhiteGrid.ubulk" 133
"../../../Engine/Content/EngineMaterials/DefaultWhiteGrid.uasset" 134
"../../../Engine/Content/EngineMaterials/DefaultWhiteGrid.uexp" 135
"../../../Engine/Content/EngineFonts/RobotoDistanceField.uasset" 136
"../../../Engine/Content/EngineFonts/RobotoDistanceField.uexp" 137
"../../../Engine/Content/EngineMaterials/DefaultTextMaterialOpaque.uasset" 138
"../../../Engine/Content/EngineMaterials/DefaultTextMaterialOpaque.uexp" 139
"../../../Engine/Content/EngineMaterials/DefaultDiffuse.ubulk" 140
"../../../Engine/Content/EngineMaterials/DefaultDiffuse.uasset" 141
"../../../Engine/Content/EngineMaterials/DefaultDiffuse.uexp" 142
"../../../Engine/Content/Functions/Engine_MaterialFunctions02/Utility/BreakOutFloat2Components.uasset" 143
"../../../Engine/Content/Functions/Engine_MaterialFunctions02/Utility/BreakOutFloat2Components.uexp" 144
"../../../Engine/Content/EngineMaterials/DefaultPostProcessMaterial.uasset" 145
"../../../Engine/Content/EngineMaterials/DefaultPostProcessMaterial.uexp" 146
"../../../Engine/Content/EngineMaterials/DefaultPhysicalMaterial.uasset" 147
"../../../Engine/Content/EngineMaterials/DefaultPhysicalMaterial.uexp" 148
"../../../Engine/Content/EngineMaterials/DefaultLightFunctionMaterial.uasset" 149
"../../../Engine/Content/EngineMaterials/DefaultLightFunctionMaterial.uexp" 150
"../../../Engine/Content/EngineMaterials/DefaultDestructiblePhysicalMaterial.uasset" 151
"../../../Engine/Content/EngineMaterials/DefaultDestructiblePhysicalMaterial.uexp" 152
"../../../Engine/Content/EngineMaterials/DefaultDeferredDecalMaterial.uasset" 153
"../../../Engine/Content/EngineMaterials/DefaultDeferredDecalMaterial.uexp" 154
"../../../Engine/Content/EngineMaterials/DefaultBokeh.uasset" 155
"../../../Engine/Content/EngineMaterials/DefaultBokeh.uexp" 156
"../../../Engine/Content/EngineMaterials/DefaultBloomKernel.uasset" 157
"../../../Engine/Content/EngineMaterials/DefaultBloomKernel.uexp" 158
"../../../Engine/Content/EngineMaterials/BlueNoise.uasset" 159
"../../../Engine/Content/EngineMaterials/BlueNoise.uexp" 160
"../../../Engine/Content/EngineFonts/Faces/RobotoLight.uexp" 161
"../../../Engine/Content/EngineFonts/Faces/RobotoLight.uasset" 162
"../../../Engine/Content/EngineFonts/Faces/RobotoLight.ufont" 163
"../../../Engine/Content/EngineFonts/Faces/RobotoBold.uexp" 164
"../../../Engine/Content/EngineFonts/Faces/RobotoBold.uasset" 165
"../../../Engine/Content/EngineFonts/Faces/RobotoBold.ufont" 166
"../../../Engine/Content/EngineFonts/Faces/RobotoRegular.uexp" 167
"../../../Engine/Content/EngineFonts/Faces/RobotoRegular.uasset" 168
"../../../Engine/Content/EngineFonts/Faces/RobotoRegular.ufont" 169
"../../../Engine/Content/EngineFonts/Faces/DroidSansFallback.uexp" 170
"../../../Engine/Content/EngineFonts/Faces/DroidSansFallback.uasset" 171
"../../../Engine/Content/EngineFonts/Faces/DroidSansFallback.ufont" 172
"../../../Engine/Content/EngineFonts/Faces/RobotoItalic.uexp" 173
"../../../Engine/Content/EngineFonts/Faces/RobotoItalic.uasset" 174
"../../../Engine/Content/EngineFonts/Faces/RobotoItalic.ufont" 175
"../../../Engine/Content/EngineFonts/Faces/RobotoBoldItalic.uexp" 176
"../../../Engine/Content/EngineFonts/Faces/RobotoBoldItalic.uasset" 177
"../../../Engine/Content/EngineFonts/Faces/RobotoBoldItalic.ufont" 178
"../../../Engine/Content/EngineFonts/Roboto.uasset" 179
"../../../Engine/Content/EngineFonts/Roboto.uexp" 180
"../../../Engine/Content/Functions/Engine_MaterialFunctions02/Utility/CameraDirectionVector.uasset" 181
"../../../Engine/Content/Functions/Engine_MaterialFunctions02/Utility/CameraDirectionVector.uexp" 182
"../../../Engine/Content/EngineDebugMaterials/VolumeToRender.uasset" 183
"../../../Engine/Content/EngineDebugMaterials/VolumeToRender.uexp" 184
"../../../Engine/Content/EngineDebugMaterials/M_VolumeRenderSphereTracePP.uasset" 185
"../../../Engine/Content/EngineDebugMaterials/M_VolumeRenderSphereTracePP.uexp" 186
"../../../Engine/Content/EngineDebugMaterials/M_SimpleUnlitTranslucent.uasset" 187
"../../../Engine/Content/EngineDebugMaterials/M_SimpleUnlitTranslucent.uexp" 188
"../../../Engine/Content/EngineDebugMaterials/DebugMeshMaterial.uasset" 189
"../../../Engine/Content/EngineDebugMaterials/DebugMeshMaterial.uexp" 190
"../../../Engine/Content/EngineDebugMaterials/DebugEditorMaterial.uasset" 191
"../../../Engine/Content/EngineDebugMaterials/DebugEditorMaterial.uexp" 192
"../../../Engine/Content/EngineDamageTypes/DmgTypeBP_Environmental.uasset" 193
"../../../Engine/Content/EngineDamageTypes/DmgTypeBP_Environmental.uexp" 194
"../../../Engine/Content/EditorResources/S_TriggerSphere.uasset" 195
"../../../Engine/Content/EditorResources/S_TriggerSphere.uexp" 196
"../../../Engine/Content/EditorResources/S_TriggerCapsule.uasset" 197
"../../../Engine/Content/EditorResources/S_TriggerCapsule.uexp" 198
"../../../Engine/Content/EditorResources/S_TriggerBox.uasset" 199
"../../../Engine/Content/EditorResources/S_TriggerBox.uexp" 200
"../../../Engine/Content/EditorResources/S_Trigger.ubulk" 201
"../../../Engine/Content/EditorResources/S_Trigger.uasset" 202
"../../../Engine/Content/EditorResources/S_Trigger.uexp" 203
"../../../Engine/Content/EditorResources/S_Terrain.ubulk" 204
"../../../Engine/Content/EditorResources/S_Terrain.uasset" 205
"../../../Engine/Content/EditorResources/S_Terrain.uexp" 206
"../../../Engine/Content/EditorResources/S_Solver.ubulk" 207
"../../../Engine/Content/EditorResources/S_Solver.uasset" 208
"../../../Engine/Content/EditorResources/S_Solver.uexp" 209
"../../../Engine/Content/EditorResources/S_BoxReflectionCapture.uasset" 210
"../../../Engine/Content/EditorResources/S_BoxReflectionCapture.uexp" 211
"../../../Engine/Content/EditorResources/S_Actor.ubulk" 212
"../../../Engine/Content/EditorResources/S_Actor.uasset" 213
"../../../Engine/Content/EditorResources/S_Actor.uexp" 214
"../../../Engine/Content/EditorResources/EmptyActor.uasset" 215
"../../../Engine/Content/EditorResources/EmptyActor.uexp" 216
"../../../Engine/Content/EditorResources/BSPVertex.uasset" 217
"../../../Engine/Content/EditorResources/BSPVertex.uexp" 218
"../../../Engine/Content/EditorResources/SequenceRecorder/RecordingIndicator.uasset" 219
"../../../Engine/Content/EditorResources/SequenceRecorder/RecordingIndicator.uexp" 220
"../../../Engine/Content/EditorResources/SequenceRecorder/Countdown.uasset" 221
"../../../Engine/Content/EditorResources/SequenceRecorder/Countdown.uexp" 222
"../../../Engine/Content/EditorMaterials/Camera/CineMat.uasset" 223
"../../../Engine/Content/EditorMaterials/Camera/CineMat.uexp" 224
"../../../Engine/Content/EditorMaterials/Camera/MI_CineMat_Rig.uasset" 225
"../../../Engine/Content/EditorMaterials/Camera/MI_CineMat_Rig.uexp" 226
"../../../Engine/Content/EditorMeshes/Camera/SM_RailRig_Track.uasset" 227
"../../../Engine/Content/EditorMeshes/Camera/SM_RailRig_Track.uexp" 228
"../../../Engine/Content/EditorMeshes/Camera/SM_RailRig_Mount.uasset" 229
"../../../Engine/Content/EditorMeshes/Camera/SM_RailRig_Mount.uexp" 230
"../../../Engine/Content/EditorMeshes/Camera/SM_CraneRig_Mount.uasset" 231
"../../../Engine/Content/EditorMeshes/Camera/SM_CraneRig_Mount.uexp" 232
"../../../Engine/Content/EditorMeshes/Camera/SM_CraneRig_Body.uasset" 233
"../../../Engine/Content/EditorMeshes/Camera/SM_CraneRig_Body.uexp" 234
"../../../Engine/Content/EditorMeshes/Camera/SM_CraneRig_Base.uasset" 235
"../../../Engine/Content/EditorMeshes/Camera/SM_CraneRig_Base.uexp" 236
"../../../Engine/Content/EditorMeshes/Camera/SM_CraneRig_Arm.uasset" 237
"../../../Engine/Content/EditorMeshes/Camera/SM_CraneRig_Arm.uexp" 238
"../../../Engine/Content/EditorMaterials/PreviewShadowIndicator.ubulk" 239
"../../../Engine/Content/EditorMaterials/PreviewShadowIndicator.uasset" 240
"../../../Engine/Content/EditorMaterials/PreviewShadowIndicator.uexp" 241
"../../../Engine/Content/EditorMaterials/PreviewShadowIndicatorMaterial.uasset" 242
"../../../Engine/Content/EditorMaterials/PreviewShadowIndicatorMaterial.uexp" 243
"../../../Engine/Content/EditorMaterials/MAT_Groups_Visibility.uasset" 244
"../../../Engine/Content/EditorMaterials/MAT_Groups_Visibility.uexp" 245
"../../../Engine/Content/EditorMaterials/MAT_Groups_Toggle.uasset" 246
"../../../Engine/Content/EditorMaterials/MAT_Groups_Toggle.uexp" 247
"../../../Engine/Content/Functions/Engine_MaterialFunctions02/Utility/MakeFloat4.uasset" 248
"../../../Engine/Content/Functions/Engine_MaterialFunctions02/Utility/MakeFloat4.uexp" 249
"../../../Engine/Content/Functions/Engine_MaterialFunctions02/Utility/MakeFloat3.uasset" 250
"../../../Engine/Content/Functions/Engine_MaterialFunctions02/Utility/MakeFloat3.uexp" 251
"../../../Engine/Content/Functions/Engine_MaterialFunctions02/Utility/BreakOutFloat3Components.uasset" 252
"../../../Engine/Content/Functions/Engine_MaterialFunctions02/Utility/BreakOutFloat3Components.uexp" 253
"../../../Engine/Content/EditorMaterials/WorldPartition/WorldPartitionSpatialHashGridPreviewMaterial.uasset" 254
"../../../Engine/Content/EditorMaterials/WorldPartition/WorldPartitionSpatialHashGridPreviewMaterial.uexp" 255
"../../../Engine/Content/EditorMaterials/ParticleSystems/PSysThumbnail_OOD.ubulk" 256
"../../../Engine/Content/EditorMaterials/ParticleSystems/PSysThumbnail_OOD.uasset" 257
"../../../Engine/Content/EditorMaterials/ParticleSystems/PSysThumbnail_OOD.uexp" 258
"../../../Engine/Content/EditorMaterials/ParticleSystems/PSysThumbnail_NoImage.ubulk" 259
"../../../Engine/Content/EditorMaterials/ParticleSystems/PSysThumbnail_NoImage.uasset" 260
"../../../Engine/Content/EditorMaterials/ParticleSystems/PSysThumbnail_NoImage.uexp" 261
"../../../Engine/Content/EditorMaterials/MatineeGroups/MAT_Groups_Vector.uasset" 262
"../../../Engine/Content/EditorMaterials/MatineeGroups/MAT_Groups_Vector.uexp" 263
"../../../Engine/Content/EditorMaterials/MatineeGroups/MAT_Groups_Sound.uasset" 264
"../../../Engine/Content/EditorMaterials/MatineeGroups/MAT_Groups_Sound.uexp" 265
"../../../Engine/Content/EditorMaterials/MatineeGroups/MAT_Groups_Slomo.uasset" 266
"../../../Engine/Content/EditorMaterials/MatineeGroups/MAT_Groups_Slomo.uexp" 267
"../../../Engine/Content/EditorMaterials/MatineeGroups/MAT_Groups_Move.uasset" 268
"../../../Engine/Content/EditorMaterials/MatineeGroups/MAT_Groups_Move.uexp" 269
"../../../Engine/Content/EditorMaterials/MatineeGroups/MAT_Groups_Float.uasset" 270
"../../../Engine/Content/EditorMaterials/MatineeGroups/MAT_Groups_Float.uexp" 271
"../../../Engine/Content/EditorMaterials/MatineeGroups/MAT_Groups_Fade.uasset" 272
"../../../Engine/Content/EditorMaterials/MatineeGroups/MAT_Groups_Fade.uexp" 273
"../../../Engine/Content/EditorMaterials/MatineeGroups/MAT_Groups_Event.uasset" 274
"../../../Engine/Content/EditorMaterials/MatineeGroups/MAT_Groups_Event.uexp" 275
"../../../Engine/Content/EditorMaterials/MatineeGroups/MAT_Groups_Director.uasset" 276
"../../../Engine/Content/EditorMaterials/MatineeGroups/MAT_Groups_Director.uexp" 277
"../../../Engine/Content/EditorMaterials/MatineeGroups/MAT_Groups_AudioMaster.uasset" 278
"../../../Engine/Content/EditorMaterials/MatineeGroups/MAT_Groups_AudioMaster.uexp" 279
"../../../Engine/Content/EditorMaterials/MatineeGroups/MAT_Groups_Anim.uasset" 280
"../../../Engine/Content/EditorMaterials/MatineeGroups/MAT_Groups_Anim.uexp" 281
"../../../Engine/Content/EditorMaterials/MatineeGroups/MAT_ColorTrack.uasset" 282
"../../../Engine/Content/EditorMaterials/MatineeGroups/MAT_ColorTrack.uexp" 283
"../../../Engine/Content/EditorLandscapeResources/DefaultAlphaTexture.uasset" 284
"../../../Engine/Content/EditorLandscapeResources/DefaultAlphaTexture.uexp" 285
"../../../Engine/Content/EditorLandscapeResources/DataLayer.uasset" 286
"../../../Engine/Content/EditorLandscapeResources/DataLayer.uexp" 287
"../../../Engine/Content/Functions/Engine_MaterialFunctions01/Shading/PowerToRoughness.uasset" 288
"../../../Engine/Content/Functions/Engine_MaterialFunctions01/Shading/PowerToRoughness.uexp" 289
"../../../Engine/Content/Functions/Engine_MaterialFunctions01/Shading/ConvertFromDiffSpec.uasset" 290
"../../../Engine/Content/Functions/Engine_MaterialFunctions01/Shading/ConvertFromDiffSpec.uexp" 291
"../../../Engine/Content/EngineMaterials/T_Default_Material_Grid_M.ubulk" 292
"../../../Engine/Content/EngineMaterials/T_Default_Material_Grid_M.uasset" 293
"../../../Engine/Content/EngineMaterials/T_Default_Material_Grid_M.uexp" 294
"../../../Engine/Content/EngineMaterials/T_Default_Material_Grid_N.ubulk" 295
"../../../Engine/Content/EngineMaterials/T_Default_Material_Grid_N.uasset" 296
"../../../Engine/Content/EngineMaterials/T_Default_Material_Grid_N.uexp" 297
"../../../Engine/Content/Functions/Engine_MaterialFunctions01/Opacity/CameraDepthFade.uasset" 298
"../../../Engine/Content/Functions/Engine_MaterialFunctions01/Opacity/CameraDepthFade.uexp" 299
"../../../Engine/Content/EngineMaterials/DefaultMaterial.uasset" 300
"../../../Engine/Content/EngineMaterials/DefaultMaterial.uexp" 301
"../../../Engine/Content/BasicShapes/Sphere.uasset" 302
"../../../Engine/Content/BasicShapes/Sphere.uexp" 303
"../../../Engine/Content/EngineMaterials/WorldGridMaterial.uasset" 304
"../../../Engine/Content/EngineMaterials/WorldGridMaterial.uexp" 305
"../../../Engine/Content/BasicShapes/Plane.uasset" 306
"../../../Engine/Content/BasicShapes/Plane.uexp" 307
"../../../Engine/Content/BasicShapes/Cylinder.uasset" 308
"../../../Engine/Content/BasicShapes/Cylinder.uexp" 309
"../../../Engine/Content/BasicShapes/Cube.uasset" 310
"../../../Engine/Content/BasicShapes/Cube.uexp" 311
"../../../Engine/Content/BasicShapes/Cone.uasset" 312
"../../../Engine/Content/BasicShapes/Cone.uexp" 313
"../../../Engine/Content/ArtTools/RenderToTexture/Meshes/S_1_Unit_Plane.uasset" 314
"../../../Engine/Content/ArtTools/RenderToTexture/Meshes/S_1_Unit_Plane.uexp" 315
"D:/UEPROJECTS/SuperArena_ForFun/SuperArena/Content/Characters/Mannequins/Meshes/SK_Mannequin.uasset" 316
"D:/UEPROJECTS/SuperArena_ForFun/SuperArena/Content/Characters/Mannequins/Meshes/SK_Mannequin.uexp" 317
"D:/UEPROJECTS/SuperArena_ForFun/SuperArena/Content/Characters/Mannequins/Textures/Quinn/T_Quinn_02ID_MSR_MSK.ubulk" 318
"D:/UEPROJECTS/SuperArena_ForFun/SuperArena/Content/Characters/Mannequins/Textures/Quinn/T_Quinn_02ID_MSR_MSK.uasset" 319
"D:/UEPROJECTS/SuperArena_ForFun/SuperArena/Content/Characters/Mannequins/Textures/Quinn/T_Quinn_02ID_MSR_MSK.uexp" 320
"D:/UEPROJECTS/SuperArena_ForFun/SuperArena/Content/Characters/Mannequins/Textures/Quinn/T_Quinn_02ID_BN.ubulk" 321
"D:/UEPROJECTS/SuperArena_ForFun/SuperArena/Content/Characters/Mannequins/Textures/Quinn/T_Quinn_02ID_BN.uasset" 322
"D:/UEPROJECTS/SuperArena_ForFun/SuperArena/Content/Characters/Mannequins/Textures/Quinn/T_Quinn_02ID_BN.uexp" 323
"D:/UEPROJECTS/SuperArena_ForFun/SuperArena/Content/Characters/Mannequins/Textures/Quinn/T_Quinn_02_ASAOMASK_MSK.ubulk" 324
"D:/UEPROJECTS/SuperArena_ForFun/SuperArena/Content/Characters/Mannequins/Textures/Quinn/T_Quinn_02_ASAOMASK_MSK.uasset" 325
"D:/UEPROJECTS/SuperArena_ForFun/SuperArena/Content/Characters/Mannequins/Textures/Quinn/T_Quinn_02_ASAOMASK_MSK.uexp" 326
"D:/UEPROJECTS/SuperArena_ForFun/SuperArena/Content/Characters/Mannequins/Textures/Quinn/T_Quinn_02_CCRCCPlastic_MSK.ubulk" 327
"D:/UEPROJECTS/SuperArena_ForFun/SuperArena/Content/Characters/Mannequins/Textures/Quinn/T_Quinn_02_CCRCCPlastic_MSK.uasset" 328
"D:/UEPROJECTS/SuperArena_ForFun/SuperArena/Content/Characters/Mannequins/Textures/Quinn/T_Quinn_02_CCRCCPlastic_MSK.uexp" 329
"D:/UEPROJECTS/SuperArena_ForFun/SuperArena/Content/Characters/Mannequins/Textures/Quinn/T_Quinn_02ID_Tan.ubulk" 330
"D:/UEPROJECTS/SuperArena_ForFun/SuperArena/Content/Characters/Mannequins/Textures/Quinn/T_Quinn_02ID_Tan.uasset" 331
"D:/UEPROJECTS/SuperArena_ForFun/SuperArena/Content/Characters/Mannequins/Textures/Quinn/T_Quinn_02ID_Tan.uexp" 332
"D:/UEPROJECTS/SuperArena_ForFun/SuperArena/Content/Characters/Mannequins/Textures/Quinn/T_Quinn_02ID_D.ubulk" 333
"D:/UEPROJECTS/SuperArena_ForFun/SuperArena/Content/Characters/Mannequins/Textures/Quinn/T_Quinn_02ID_D.uasset" 334
"D:/UEPROJECTS/SuperArena_ForFun/SuperArena/Content/Characters/Mannequins/Textures/Quinn/T_Quinn_02ID_D.uexp" 335
"D:/UEPROJECTS/SuperArena_ForFun/SuperArena/Content/Characters/Mannequins/Textures/Quinn/T_Quinn_01ID_MSR_MSK.ubulk" 336
"D:/UEPROJECTS/SuperArena_ForFun/SuperArena/Content/Characters/Mannequins/Textures/Quinn/T_Quinn_01ID_MSR_MSK.uasset" 337
"D:/UEPROJECTS/SuperArena_ForFun/SuperArena/Content/Characters/Mannequins/Textures/Quinn/T_Quinn_01ID_MSR_MSK.uexp" 338
"D:/UEPROJECTS/SuperArena_ForFun/SuperArena/Content/Characters/Mannequins/Materials/Functions/ChromaticCurve.uasset" 339
"D:/UEPROJECTS/SuperArena_ForFun/SuperArena/Content/Characters/Mannequins/Materials/Functions/ChromaticCurve.uexp" 340
"D:/UEPROJECTS/SuperArena_ForFun/SuperArena/Content/Characters/Mannequins/Materials/Functions/CA_Mannequin.uasset" 341
"D:/UEPROJECTS/SuperArena_ForFun/SuperArena/Content/Characters/Mannequins/Materials/Functions/CA_Mannequin.uexp" 342
"D:/UEPROJECTS/SuperArena_ForFun/SuperArena/Content/Characters/Mannequins/Materials/Functions/MF_Diffraction.uasset" 343
"D:/UEPROJECTS/SuperArena_ForFun/SuperArena/Content/Characters/Mannequins/Materials/Functions/MF_Diffraction.uexp" 344
"D:/UEPROJECTS/SuperArena_ForFun/SuperArena/Content/Characters/Mannequins/Textures/Manny/T_Manny_01_N.ubulk" 345
"D:/UEPROJECTS/SuperArena_ForFun/SuperArena/Content/Characters/Mannequins/Textures/Manny/T_Manny_01_N.uasset" 346
"D:/UEPROJECTS/SuperArena_ForFun/SuperArena/Content/Characters/Mannequins/Textures/Manny/T_Manny_01_N.uexp" 347
"D:/UEPROJECTS/SuperArena_ForFun/SuperArena/Content/Characters/Mannequins/Materials/Functions/ML_BaseColorFallOff.uasset" 348
"D:/UEPROJECTS/SuperArena_ForFun/SuperArena/Content/Characters/Mannequins/Materials/Functions/ML_BaseColorFallOff.uexp" 349
"../../../Engine/Content/Functions/Engine_MaterialFunctions01/Texturing/ScaleUVsByCenter.uasset" 350
"../../../Engine/Content/Functions/Engine_MaterialFunctions01/Texturing/ScaleUVsByCenter.uexp" 351
"D:/UEPROJECTS/SuperArena_ForFun/SuperArena/Content/Characters/Mannequins/Textures/Shared/T_UE_Logo_M.uasset" 352
"D:/UEPROJECTS/SuperArena_ForFun/SuperArena/Content/Characters/Mannequins/Textures/Shared/T_UE_Logo_M.uexp" 353
"D:/UEPROJECTS/SuperArena_ForFun/SuperArena/Content/Characters/Mannequins/Materials/Functions/MF_logo3layers.uasset" 354
"D:/UEPROJECTS/SuperArena_ForFun/SuperArena/Content/Characters/Mannequins/Materials/Functions/MF_logo3layers.uexp" 355
"D:/UEPROJECTS/SuperArena_ForFun/SuperArena/Content/Characters/Mannequins/Textures/Manny/T_Manny_01_CCRCCPlastic_MSK.ubulk" 356
"D:/UEPROJECTS/SuperArena_ForFun/SuperArena/Content/Characters/Mannequins/Textures/Manny/T_Manny_01_CCRCCPlastic_MSK.uasset" 357
"D:/UEPROJECTS/SuperArena_ForFun/SuperArena/Content/Characters/Mannequins/Textures/Manny/T_Manny_01_CCRCCPlastic_MSK.uexp" 358
"D:/UEPROJECTS/SuperArena_ForFun/SuperArena/Content/Characters/Mannequins/Textures/Manny/T_Manny_01_ASAOPMASK_MSK.ubulk" 359
"D:/UEPROJECTS/SuperArena_ForFun/SuperArena/Content/Characters/Mannequins/Textures/Manny/T_Manny_01_ASAOPMASK_MSK.uasset" 360
"D:/UEPROJECTS/SuperArena_ForFun/SuperArena/Content/Characters/Mannequins/Textures/Manny/T_Manny_01_ASAOPMASK_MSK.uexp" 361
"D:/UEPROJECTS/SuperArena_ForFun/SuperArena/Content/Characters/Mannequins/Textures/Manny/T_Manny_01_MSR_MSK.ubulk" 362
"D:/UEPROJECTS/SuperArena_ForFun/SuperArena/Content/Characters/Mannequins/Textures/Manny/T_Manny_01_MSR_MSK.uasset" 363
"D:/UEPROJECTS/SuperArena_ForFun/SuperArena/Content/Characters/Mannequins/Textures/Manny/T_Manny_01_MSR_MSK.uexp" 364
"D:/UEPROJECTS/SuperArena_ForFun/SuperArena/Content/Characters/Mannequins/Textures/Manny/T_Manny_01_BN.ubulk" 365
"D:/UEPROJECTS/SuperArena_ForFun/SuperArena/Content/Characters/Mannequins/Textures/Manny/T_Manny_01_BN.uasset" 366
"D:/UEPROJECTS/SuperArena_ForFun/SuperArena/Content/Characters/Mannequins/Textures/Manny/T_Manny_01_BN.uexp" 367
"D:/UEPROJECTS/SuperArena_ForFun/SuperArena/Content/Characters/Mannequins/Textures/Manny/T_Manny_01_D.ubulk" 368
"D:/UEPROJECTS/SuperArena_ForFun/SuperArena/Content/Characters/Mannequins/Textures/Manny/T_Manny_01_D.uasset" 369
"D:/UEPROJECTS/SuperArena_ForFun/SuperArena/Content/Characters/Mannequins/Textures/Manny/T_Manny_01_D.uexp" 370
"D:/UEPROJECTS/SuperArena_ForFun/SuperArena/Content/Characters/Mannequins/Textures/Manny/T_Manny_01_Tan.ubulk" 371
"D:/UEPROJECTS/SuperArena_ForFun/SuperArena/Content/Characters/Mannequins/Textures/Manny/T_Manny_01_Tan.uasset" 372
"D:/UEPROJECTS/SuperArena_ForFun/SuperArena/Content/Characters/Mannequins/Textures/Manny/T_Manny_01_Tan.uexp" 373
"D:/UEPROJECTS/SuperArena_ForFun/SuperArena/Content/Characters/Mannequins/Materials/M_Mannequin.uasset" 374
"D:/UEPROJECTS/SuperArena_ForFun/SuperArena/Content/Characters/Mannequins/Materials/M_Mannequin.uexp" 375
"D:/UEPROJECTS/SuperArena_ForFun/SuperArena/Content/Characters/Mannequins/Textures/Quinn/T_Quinn_01_ASAOMASK_MSK.ubulk" 376
"D:/UEPROJECTS/SuperArena_ForFun/SuperArena/Content/Characters/Mannequins/Textures/Quinn/T_Quinn_01_ASAOMASK_MSK.uasset" 377
"D:/UEPROJECTS/SuperArena_ForFun/SuperArena/Content/Characters/Mannequins/Textures/Quinn/T_Quinn_01_ASAOMASK_MSK.uexp" 378
"D:/UEPROJECTS/SuperArena_ForFun/SuperArena/Content/Characters/Mannequins/Textures/Quinn/T_Quinn_01ID_N.ubulk" 379
"D:/UEPROJECTS/SuperArena_ForFun/SuperArena/Content/Characters/Mannequins/Textures/Quinn/T_Quinn_01ID_N.uasset" 380
"D:/UEPROJECTS/SuperArena_ForFun/SuperArena/Content/Characters/Mannequins/Textures/Quinn/T_Quinn_01ID_N.uexp" 381
"D:/UEPROJECTS/SuperArena_ForFun/SuperArena/Content/Characters/Mannequins/Textures/Quinn/T_Quinn_01ID_BN.ubulk" 382
"D:/UEPROJECTS/SuperArena_ForFun/SuperArena/Content/Characters/Mannequins/Textures/Quinn/T_Quinn_01ID_BN.uasset" 383
"D:/UEPROJECTS/SuperArena_ForFun/SuperArena/Content/Characters/Mannequins/Textures/Quinn/T_Quinn_01ID_BN.uexp" 384
"D:/UEPROJECTS/SuperArena_ForFun/SuperArena/Content/Characters/Mannequins/Textures/Quinn/T_Quinn_01ID_D.ubulk" 385
"D:/UEPROJECTS/SuperArena_ForFun/SuperArena/Content/Characters/Mannequins/Textures/Quinn/T_Quinn_01ID_D.uasset" 386
"D:/UEPROJECTS/SuperArena_ForFun/SuperArena/Content/Characters/Mannequins/Textures/Quinn/T_Quinn_01ID_D.uexp" 387
"D:/UEPROJECTS/SuperArena_ForFun/SuperArena/Content/Characters/Mannequins/Textures/Quinn/T_Quinn_01ID_Tan.ubulk" 388
"D:/UEPROJECTS/SuperArena_ForFun/SuperArena/Content/Characters/Mannequins/Textures/Quinn/T_Quinn_01ID_Tan.uasset" 389
"D:/UEPROJECTS/SuperArena_ForFun/SuperArena/Content/Characters/Mannequins/Textures/Quinn/T_Quinn_01ID_Tan.uexp" 390
"D:/UEPROJECTS/SuperArena_ForFun/SuperArena/Content/Characters/Mannequins/Textures/Quinn/T_Quinn_01_CCRCCPlastic_MSK.ubulk" 391
"D:/UEPROJECTS/SuperArena_ForFun/SuperArena/Content/Characters/Mannequins/Textures/Quinn/T_Quinn_01_CCRCCPlastic_MSK.uasset" 392
"D:/UEPROJECTS/SuperArena_ForFun/SuperArena/Content/Characters/Mannequins/Textures/Quinn/T_Quinn_01_CCRCCPlastic_MSK.uexp" 393
"D:/UEPROJECTS/SuperArena_ForFun/SuperArena/Content/Characters/Mannequins/Materials/Instances/Quinn/MI_Quinn_01.uasset" 394
"D:/UEPROJECTS/SuperArena_ForFun/SuperArena/Content/Characters/Mannequins/Materials/Instances/Quinn/MI_Quinn_01.uexp" 395
"D:/UEPROJECTS/SuperArena_ForFun/SuperArena/Content/Characters/Mannequins/Textures/Quinn/T_Quinn_02ID_N.ubulk" 396
"D:/UEPROJECTS/SuperArena_ForFun/SuperArena/Content/Characters/Mannequins/Textures/Quinn/T_Quinn_02ID_N.uasset" 397
"D:/UEPROJECTS/SuperArena_ForFun/SuperArena/Content/Characters/Mannequins/Textures/Quinn/T_Quinn_02ID_N.uexp" 398
"D:/UEPROJECTS/SuperArena_ForFun/SuperArena/Content/Characters/Mannequins/Materials/Instances/Quinn/MI_Quinn_02.uasset" 399
"D:/UEPROJECTS/SuperArena_ForFun/SuperArena/Content/Characters/Mannequins/Materials/Instances/Quinn/MI_Quinn_02.uexp" 400
"D:/UEPROJECTS/SuperArena_ForFun/SuperArena/Content/Characters/Mannequins/Rigs/PA_Mannequin.uasset" 401
"D:/UEPROJECTS/SuperArena_ForFun/SuperArena/Content/Characters/Mannequins/Rigs/PA_Mannequin.uexp" 402
"D:/UEPROJECTS/SuperArena_ForFun/SuperArena/Content/Characters/Mannequins/Meshes/SKM_Quinn_Simple.uasset" 403
"D:/UEPROJECTS/SuperArena_ForFun/SuperArena/Content/Characters/Mannequins/Meshes/SKM_Quinn_Simple.uexp" 404
"../../../Engine/Content/Animation/DefaultAnimCurveCompressionSettings.uasset" 405
"../../../Engine/Content/Animation/DefaultAnimCurveCompressionSettings.uexp" 406
"../../../Engine/Content/Animation/DefaultAnimBoneCompressionSettings.uasset" 407
"../../../Engine/Content/Animation/DefaultAnimBoneCompressionSettings.uexp" 408
"D:/UEPROJECTS/SuperArena_ForFun/SuperArena/Content/Characters/Mannequins/Animations/Quinn/MF_Run_Fwd.uasset" 409
"D:/UEPROJECTS/SuperArena_ForFun/SuperArena/Content/Characters/Mannequins/Animations/Quinn/MF_Run_Fwd.uexp" 410
"D:/UEPROJECTS/SuperArena_ForFun/SuperArena/Content/Characters/Mannequins/Animations/Quinn/MF_Walk_Fwd.uasset" 411
"D:/UEPROJECTS/SuperArena_ForFun/SuperArena/Content/Characters/Mannequins/Animations/Quinn/MF_Walk_Fwd.uexp" 412
"../../../Engine/Content/Animation/DefaultRecorderBoneCompression.uasset" 413
"../../../Engine/Content/Animation/DefaultRecorderBoneCompression.uexp" 414
"D:/UEPROJECTS/SuperArena_ForFun/SuperArena/Content/Characters/Mannequins/Animations/Manny/MM_Walk_InPlace.uasset" 415
"D:/UEPROJECTS/SuperArena_ForFun/SuperArena/Content/Characters/Mannequins/Animations/Manny/MM_Walk_InPlace.uexp" 416
"D:/UEPROJECTS/SuperArena_ForFun/SuperArena/Content/Characters/Mannequins/Animations/Quinn/BS_MF_Unarmed_WalkRun.uasset" 417
"D:/UEPROJECTS/SuperArena_ForFun/SuperArena/Content/Characters/Mannequins/Animations/Quinn/BS_MF_Unarmed_WalkRun.uexp" 418
"D:/UEPROJECTS/SuperArena_ForFun/SuperArena/Content/Characters/Mannequins/Animations/Quinn/MF_Idle.uasset" 419
"D:/UEPROJECTS/SuperArena_ForFun/SuperArena/Content/Characters/Mannequins/Animations/Quinn/MF_Idle.uexp" 420
"D:/UEPROJECTS/SuperArena_ForFun/SuperArena/Content/Characters/Mannequins/Animations/Manny/MM_Fall_Loop.uasset" 421
"D:/UEPROJECTS/SuperArena_ForFun/SuperArena/Content/Characters/Mannequins/Animations/Manny/MM_Fall_Loop.uexp" 422
"D:/UEPROJECTS/SuperArena_ForFun/SuperArena/Content/Characters/Mannequins/Animations/Manny/MM_Jump.uasset" 423
"D:/UEPROJECTS/SuperArena_ForFun/SuperArena/Content/Characters/Mannequins/Animations/Manny/MM_Jump.uexp" 424
"../../../Engine/Plugins/Animation/ControlRig/Content/Controls/DefaultGizmoLibrary.uasset" 425
"../../../Engine/Plugins/Animation/ControlRig/Content/Controls/DefaultGizmoLibrary.uexp" 426
"D:/UEPROJECTS/SuperArena_ForFun/SuperArena/Content/Characters/Mannequins/Rigs/CR_Mannequin_BasicFootIK.uasset" 427
"D:/UEPROJECTS/SuperArena_ForFun/SuperArena/Content/Characters/Mannequins/Rigs/CR_Mannequin_BasicFootIK.uexp" 428
"D:/UEPROJECTS/SuperArena_ForFun/SuperArena/Content/Characters/Mannequins/Animations/Manny/MM_Run_Fwd.uasset" 429
"D:/UEPROJECTS/SuperArena_ForFun/SuperArena/Content/Characters/Mannequins/Animations/Manny/MM_Run_Fwd.uexp" 430
"D:/UEPROJECTS/SuperArena_ForFun/SuperArena/Content/Characters/Mannequins/Animations/Manny/MM_Walk_Fwd.uasset" 431
"D:/UEPROJECTS/SuperArena_ForFun/SuperArena/Content/Characters/Mannequins/Animations/Manny/MM_Walk_Fwd.uexp" 432
"D:/UEPROJECTS/SuperArena_ForFun/SuperArena/Content/Characters/Mannequins/Animations/Manny/BS_MM_WalkRun.uasset" 433
"D:/UEPROJECTS/SuperArena_ForFun/SuperArena/Content/Characters/Mannequins/Animations/Manny/BS_MM_WalkRun.uexp" 434
"D:/UEPROJECTS/SuperArena_ForFun/SuperArena/Content/Characters/Mannequins/Animations/Manny/MM_Land.uasset" 435
"D:/UEPROJECTS/SuperArena_ForFun/SuperArena/Content/Characters/Mannequins/Animations/Manny/MM_Land.uexp" 436
"D:/UEPROJECTS/SuperArena_ForFun/SuperArena/Content/Characters/Mannequins/Animations/Manny/MM_Idle.uasset" 437
"D:/UEPROJECTS/SuperArena_ForFun/SuperArena/Content/Characters/Mannequins/Animations/Manny/MM_Idle.uexp" 438
"D:/UEPROJECTS/SuperArena_ForFun/SuperArena/Content/Characters/Mannequins/Animations/ABP_Manny.uasset" 439
"D:/UEPROJECTS/SuperArena_ForFun/SuperArena/Content/Characters/Mannequins/Animations/ABP_Manny.uexp" 440
"D:/UEPROJECTS/SuperArena_ForFun/SuperArena/Content/Characters/Mannequins/Animations/ABP_Quinn.uasset" 441
"D:/UEPROJECTS/SuperArena_ForFun/SuperArena/Content/Characters/Mannequins/Animations/ABP_Quinn.uexp" 442
"../../../Engine/Plugins/FX/Niagara/Content/Enums/ENiagaraRandomnessMode.uasset" 443
"../../../Engine/Plugins/FX/Niagara/Content/Enums/ENiagaraRandomnessMode.uexp" 444
"../../../Engine/Plugins/FX/Niagara/Content/Enums/ENiagaraRandomnessEvaluation.uasset" 445
"../../../Engine/Plugins/FX/Niagara/Content/Enums/ENiagaraRandomnessEvaluation.uexp" 446
"../../../Engine/Plugins/FX/Niagara/Content/Functions/V2/CalculateRandomRangeFloat.uasset" 447
"../../../Engine/Plugins/FX/Niagara/Content/Functions/V2/CalculateRandomRangeFloat.uexp" 448
"../../../Engine/Plugins/FX/Niagara/Content/DynamicInputs/UniformRange/V2/RandomRangeFloat.uasset" 449
"../../../Engine/Plugins/FX/Niagara/Content/DynamicInputs/UniformRange/V2/RandomRangeFloat.uexp" 450
"../../../Engine/Plugins/FX/Niagara/Content/Enums/ENiagara_MassInitializationMode.uasset" 451
"../../../Engine/Plugins/FX/Niagara/Content/Enums/ENiagara_MassInitializationMode.uexp" 452
"../../../Engine/Plugins/FX/Niagara/Content/DefaultAssets/DefaultSpriteMaterial.uasset" 453
"../../../Engine/Plugins/FX/Niagara/Content/DefaultAssets/DefaultSpriteMaterial.uexp" 454
"../../../Engine/Plugins/FX/Niagara/Content/Functions/DirectionAndLengthSafe.uasset" 455
"../../../Engine/Plugins/FX/Niagara/Content/Functions/DirectionAndLengthSafe.uexp" 456
"../../../Engine/Plugins/FX/Niagara/Content/Modules/Update/Size/ScaleSpriteSizeBySpeed.uasset" 457
"../../../Engine/Plugins/FX/Niagara/Content/Modules/Update/Size/ScaleSpriteSizeBySpeed.uexp" 458
"../../../Engine/Plugins/FX/Niagara/Content/Functions/Localspace/TransformBase.uasset" 459
"../../../Engine/Plugins/FX/Niagara/Content/Functions/Localspace/TransformBase.uexp" 460
"../../../Engine/Plugins/FX/Niagara/Content/Functions/Localspace/TransformVector.uasset" 461
"../../../Engine/Plugins/FX/Niagara/Content/Functions/Localspace/TransformVector.uexp" 462
"../../../Engine/Plugins/FX/Niagara/Content/Modules/Update/Forces/GravityForce.uasset" 463
"../../../Engine/Plugins/FX/Niagara/Content/Modules/Update/Forces/GravityForce.uexp" 464
"../../../Engine/Plugins/FX/Niagara/Content/Enums/ENiagara_PositionInitializationMode.uasset" 465
"../../../Engine/Plugins/FX/Niagara/Content/Enums/ENiagara_PositionInitializationMode.uexp" 466
"../../../Engine/Plugins/FX/Niagara/Content/Icons/Modules/T_Icon_Solver_LimitSpeed.uasset" 467
"../../../Engine/Plugins/FX/Niagara/Content/Icons/Modules/T_Icon_Solver_LimitSpeed.uexp" 468
"../../../Engine/Plugins/FX/Niagara/Content/Functions/Rotation/MultiplyQuaternion.uasset" 469
"../../../Engine/Plugins/FX/Niagara/Content/Functions/Rotation/MultiplyQuaternion.uexp" 470
"../../../Engine/Plugins/FX/Niagara/Content/Functions/Rotation/AxisAngleToQuaternion.uasset" 471
"../../../Engine/Plugins/FX/Niagara/Content/Functions/Rotation/AxisAngleToQuaternion.uexp" 472
"../../../Engine/Plugins/FX/Niagara/Content/Modules/Solvers/ApplyRotationVector.uasset" 473
"../../../Engine/Plugins/FX/Niagara/Content/Modules/Solvers/ApplyRotationVector.uexp" 474
"../../../Engine/Plugins/FX/Niagara/Content/Icons/Modules/T_Icon_Solver_RotationalSolve.uasset" 475
"../../../Engine/Plugins/FX/Niagara/Content/Icons/Modules/T_Icon_Solver_RotationalSolve.uexp" 476
"../../../Engine/Plugins/FX/Niagara/Content/Icons/Modules/T_Icon_Solver_LimitAccel.uasset" 477
"../../../Engine/Plugins/FX/Niagara/Content/Icons/Modules/T_Icon_Solver_LimitAccel.uexp" 478
"../../../Engine/Plugins/FX/Niagara/Content/Modules/Solvers/SolveForcesAndVelocity.uasset" 479
"../../../Engine/Plugins/FX/Niagara/Content/Modules/Solvers/SolveForcesAndVelocity.uexp" 480
"../../../Engine/Plugins/FX/Niagara/Content/Modules/Update/Forces/Drag.uasset" 481
"../../../Engine/Plugins/FX/Niagara/Content/Modules/Update/Forces/Drag.uexp" 482
"../../../Engine/Plugins/FX/Niagara/Content/Enums/ENiagaraScaleColorMode.uasset" 483
"../../../Engine/Plugins/FX/Niagara/Content/Enums/ENiagaraScaleColorMode.uexp" 484
"../../../Engine/Plugins/FX/Niagara/Content/Modules/Update/Color/ScaleColor.uasset" 485
"../../../Engine/Plugins/FX/Niagara/Content/Modules/Update/Color/ScaleColor.uexp" 486
"../../../Engine/Plugins/FX/Niagara/Content/Enums/ENiagara_SizeScaleMode.uasset" 487
"../../../Engine/Plugins/FX/Niagara/Content/Enums/ENiagara_SizeScaleMode.uexp" 488
"../../../Engine/Plugins/FX/Niagara/Content/Enums/ENiagara_UVFlippingMode.uasset" 489
"../../../Engine/Plugins/FX/Niagara/Content/Enums/ENiagara_UVFlippingMode.uexp" 490
"../../../Engine/Plugins/FX/Niagara/Content/Functions/Localspace/SimulationPosition.uasset" 491
"../../../Engine/Plugins/FX/Niagara/Content/Functions/Localspace/SimulationPosition.uexp" 492
"../../../Engine/Plugins/FX/Niagara/Content/Functions/V2/CalculateRandomRangeInteger.uasset" 493
"../../../Engine/Plugins/FX/Niagara/Content/Functions/V2/CalculateRandomRangeInteger.uexp" 494
"../../../Engine/Plugins/FX/Niagara/Content/Enums/Ribbons/ENiagara_UnsetDirectSetRandom.uasset" 495
"../../../Engine/Plugins/FX/Niagara/Content/Enums/Ribbons/ENiagara_UnsetDirectSetRandom.uexp" 496
"../../../Engine/Plugins/FX/Niagara/Content/Enums/ENiagara_LifetimeMode.uasset" 497
"../../../Engine/Plugins/FX/Niagara/Content/Enums/ENiagara_LifetimeMode.uexp" 498
"../../../Engine/Plugins/FX/Niagara/Content/Functions/V2/CalculateRandomRange.uasset" 499
"../../../Engine/Plugins/FX/Niagara/Content/Functions/V2/CalculateRandomRange.uexp" 500
"../../../Engine/Plugins/FX/Niagara/Content/Functions/V2/CalculateRandomBool.uasset" 501
"../../../Engine/Plugins/FX/Niagara/Content/Functions/V2/CalculateRandomBool.uexp" 502
"../../../Engine/Plugins/FX/Niagara/Content/Enums/Ribbons/ENiagara_UnsetDirectSet.uasset" 503
"../../../Engine/Plugins/FX/Niagara/Content/Enums/Ribbons/ENiagara_UnsetDirectSet.uexp" 504
"../../../Engine/Plugins/FX/Niagara/Content/Enums/ENiagara_SpriteRotationMode.uasset" 505
"../../../Engine/Plugins/FX/Niagara/Content/Enums/ENiagara_SpriteRotationMode.uexp" 506
"../../../Engine/Plugins/FX/Niagara/Content/Enums/ENiagara_ColorInitializationMode.uasset" 507
"../../../Engine/Plugins/FX/Niagara/Content/Enums/ENiagara_ColorInitializationMode.uexp" 508
"../../../Engine/Plugins/FX/Niagara/Content/Functions/LinearColor/HueShiftLinearColor.uasset" 509
"../../../Engine/Plugins/FX/Niagara/Content/Functions/LinearColor/HueShiftLinearColor.uexp" 510
"../../../Engine/Plugins/FX/Niagara/Content/Enums/ENiagaraChannelCorrelation.uasset" 511
"../../../Engine/Plugins/FX/Niagara/Content/Enums/ENiagaraChannelCorrelation.uexp" 512
"../../../Engine/Plugins/FX/Niagara/Content/Modules/Spawn/Initialization/V2/InitializeParticle.uasset" 513
"../../../Engine/Plugins/FX/Niagara/Content/Modules/Spawn/Initialization/V2/InitializeParticle.uexp" 514
"../../../Engine/Plugins/FX/Niagara/Content/Functions/Math/SaturateFloat.uasset" 515
"../../../Engine/Plugins/FX/Niagara/Content/Functions/Math/SaturateFloat.uexp" 516
"../../../Engine/Plugins/FX/Niagara/Content/Functions/Rotation/XYZRotationToQuaternion.uasset" 517
"../../../Engine/Plugins/FX/Niagara/Content/Functions/Rotation/XYZRotationToQuaternion.uexp" 518
"../../../Engine/Plugins/FX/Niagara/Content/Functions/Rotation/MultiplyVectorWithQuaternion.uasset" 519
"../../../Engine/Plugins/FX/Niagara/Content/Functions/Rotation/MultiplyVectorWithQuaternion.uexp" 520
"../../../Engine/Plugins/FX/Niagara/Content/Functions/Rotation/FindQuatBetween.uasset" 521
"../../../Engine/Plugins/FX/Niagara/Content/Functions/Rotation/FindQuatBetween.uexp" 522
"../../../Engine/Plugins/FX/Niagara/Content/Functions/V2/CalculateRandomUnitVector.uasset" 523
"../../../Engine/Plugins/FX/Niagara/Content/Functions/V2/CalculateRandomUnitVector.uexp" 524
"../../../Engine/Plugins/FX/Niagara/Content/Enums/Angles/ENiagara_AngleInput.uasset" 525
"../../../Engine/Plugins/FX/Niagara/Content/Enums/Angles/ENiagara_AngleInput.uexp" 526
"../../../Engine/Plugins/FX/Niagara/Content/Functions/Rotation/AngleUnitConverter.uasset" 527
"../../../Engine/Plugins/FX/Niagara/Content/Functions/Rotation/AngleUnitConverter.uexp" 528
"../../../Engine/Plugins/FX/Niagara/Content/Enums/Utility/ENiagara_VelocityMode.uasset" 529
"../../../Engine/Plugins/FX/Niagara/Content/Enums/Utility/ENiagara_VelocityMode.uexp" 530
"../../../Engine/Plugins/FX/Niagara/Content/Functions/Rotation/InvertQuaternion.uasset" 531
"../../../Engine/Plugins/FX/Niagara/Content/Functions/Rotation/InvertQuaternion.uexp" 532
"../../../Engine/Plugins/FX/Niagara/Content/Functions/Rotation/MatrixToQuaternion.uasset" 533
"../../../Engine/Plugins/FX/Niagara/Content/Functions/Rotation/MatrixToQuaternion.uexp" 534
"../../../Engine/Plugins/FX/Niagara/Content/Functions/Rotation/MakeQuaternionFrom3BasisVectors.uasset" 535
"../../../Engine/Plugins/FX/Niagara/Content/Functions/Rotation/MakeQuaternionFrom3BasisVectors.uexp" 536
"../../../Engine/Plugins/FX/Niagara/Content/Enums/Transforms/ENiagara_RotationMode.uasset" 537
"../../../Engine/Plugins/FX/Niagara/Content/Enums/Transforms/ENiagara_RotationMode.uexp" 538
"../../../Engine/Plugins/FX/Niagara/Content/Functions/Rotation/TransformStack/TransformStack_Rotation.uasset" 539
"../../../Engine/Plugins/FX/Niagara/Content/Functions/Rotation/TransformStack/TransformStack_Rotation.uexp" 540
"../../../Engine/Plugins/FX/Niagara/Content/Functions/GetRandomInfo.uasset" 541
"../../../Engine/Plugins/FX/Niagara/Content/Functions/GetRandomInfo.uexp" 542
"../../../Engine/Plugins/FX/Niagara/Content/Functions/RandomRangeFloat.uasset" 543
"../../../Engine/Plugins/FX/Niagara/Content/Functions/RandomRangeFloat.uexp" 544
"../../../Engine/Plugins/FX/Niagara/Content/Functions/Math/CalculateRandomPointInConeSphereIntersection.uasset" 545
"../../../Engine/Plugins/FX/Niagara/Content/Functions/Math/CalculateRandomPointInConeSphereIntersection.uexp" 546
"../../../Engine/Plugins/FX/Niagara/Content/Functions/NormalizeDistanceRange.uasset" 547
"../../../Engine/Plugins/FX/Niagara/Content/Functions/NormalizeDistanceRange.uexp" 548
"../../../Engine/Plugins/FX/Niagara/Content/Functions/DistanceBasedFalloff.uasset" 549
"../../../Engine/Plugins/FX/Niagara/Content/Functions/DistanceBasedFalloff.uexp" 550
"../../../Engine/Plugins/FX/Niagara/Content/Modules/Spawn/Velocity/AddVelocity.uasset" 551
"../../../Engine/Plugins/FX/Niagara/Content/Modules/Spawn/Velocity/AddVelocity.uexp" 552
"../../../Engine/Plugins/FX/Niagara/Content/Enums/ENiagaraEmitterLifeCycleMode.uasset" 553
"../../../Engine/Plugins/FX/Niagara/Content/Enums/ENiagaraEmitterLifeCycleMode.uexp" 554
"../../../Engine/Plugins/FX/Niagara/Content/Functions/Emitter/EmitterChangeState.uasset" 555
"../../../Engine/Plugins/FX/Niagara/Content/Functions/Emitter/EmitterChangeState.uexp" 556
"../../../Engine/Plugins/FX/Niagara/Content/Enums/ENiagara_InfiniteLoopDuration.uasset" 557
"../../../Engine/Plugins/FX/Niagara/Content/Enums/ENiagara_InfiniteLoopDuration.uexp" 558
"../../../Engine/Plugins/FX/Niagara/Content/Enums/ENiagara_EmitterStateOptions.uasset" 559
"../../../Engine/Plugins/FX/Niagara/Content/Enums/ENiagara_EmitterStateOptions.uexp" 560
"../../../Engine/Plugins/FX/Niagara/Content/Enums/ENiagaraInactiveMode.uasset" 561
"../../../Engine/Plugins/FX/Niagara/Content/Enums/ENiagaraInactiveMode.uexp" 562
"../../../Engine/Plugins/FX/Niagara/Content/Enums/ENiagaraExecutionStateManagement.uasset" 563
"../../../Engine/Plugins/FX/Niagara/Content/Enums/ENiagaraExecutionStateManagement.uexp" 564
"../../../Engine/Plugins/FX/Niagara/Content/Enums/ENiagaraEmitterScalabilityMode_Limited.uasset" 565
"../../../Engine/Plugins/FX/Niagara/Content/Enums/ENiagaraEmitterScalabilityMode_Limited.uexp" 566
"../../../Engine/Plugins/FX/Niagara/Content/Modules/Emitter/EmitterState.uasset" 567
"../../../Engine/Plugins/FX/Niagara/Content/Modules/Emitter/EmitterState.uexp" 568
"../../../Engine/Plugins/FX/Niagara/Content/Modules/Emitter/SpawnBurst_Instantaneous.uasset" 569
"../../../Engine/Plugins/FX/Niagara/Content/Modules/Emitter/SpawnBurst_Instantaneous.uexp" 570
"../../../Engine/Plugins/FX/Niagara/Content/Enums/ENiagaraSystemInactiveMode.uasset" 571
"../../../Engine/Plugins/FX/Niagara/Content/Enums/ENiagaraSystemInactiveMode.uexp" 572
"../../../Engine/Plugins/FX/Niagara/Content/Functions/System/SystemChangeState.uasset" 573
"../../../Engine/Plugins/FX/Niagara/Content/Functions/System/SystemChangeState.uexp" 574
"../../../Engine/Plugins/FX/Niagara/Content/Modules/System/SystemState.uasset" 575
"../../../Engine/Plugins/FX/Niagara/Content/Modules/System/SystemState.uexp" 576
"../../../Engine/Plugins/FX/Niagara/Content/DynamicInputs/ValueFromCurve/FloatFromCurve.uasset" 577
"../../../Engine/Plugins/FX/Niagara/Content/DynamicInputs/ValueFromCurve/FloatFromCurve.uexp" 578
"../../../Engine/Plugins/FX/Niagara/Content/Icons/Modules/T_Icon_Particle_InfiniteLife.uasset" 579
"../../../Engine/Plugins/FX/Niagara/Content/Icons/Modules/T_Icon_Particle_InfiniteLife.uexp" 580
"../../../Engine/Plugins/FX/Niagara/Content/Modules/Update/Lifetime/ParticleState.uasset" 581
"../../../Engine/Plugins/FX/Niagara/Content/Modules/Update/Lifetime/ParticleState.uexp" 582
"D:/UEPROJECTS/SuperArena_ForFun/SuperArena/Content/ArenaAssets/Effects/VFX_PushForce.uasset" 583
"D:/UEPROJECTS/SuperArena_ForFun/SuperArena/Content/ArenaAssets/Effects/VFX_PushForce.uexp" 584
"D:/UEPROJECTS/SuperArena_ForFun/SuperArena/Content/ThirdPerson/Blueprints/BP_ThirdPersonCharacter.uasset" 585
"D:/UEPROJECTS/SuperArena_ForFun/SuperArena/Content/ThirdPerson/Blueprints/BP_ThirdPersonCharacter.uexp" 586
"D:/UEPROJECTS/SuperArena_ForFun/SuperArena/Content/StarterContent/Textures/T_Statue_M.ubulk" 587
"D:/UEPROJECTS/SuperArena_ForFun/SuperArena/Content/StarterContent/Textures/T_Statue_M.uasset" 588
"D:/UEPROJECTS/SuperArena_ForFun/SuperArena/Content/StarterContent/Textures/T_Statue_M.uexp" 589
"D:/UEPROJECTS/SuperArena_ForFun/SuperArena/Content/StarterContent/Textures/T_Statue_N.ubulk" 590
"D:/UEPROJECTS/SuperArena_ForFun/SuperArena/Content/StarterContent/Textures/T_Statue_N.uasset" 591
"D:/UEPROJECTS/SuperArena_ForFun/SuperArena/Content/StarterContent/Textures/T_Statue_N.uexp" 592
"D:/UEPROJECTS/SuperArena_ForFun/SuperArena/Content/StarterContent/Props/Materials/M_Statue.uasset" 593
"D:/UEPROJECTS/SuperArena_ForFun/SuperArena/Content/StarterContent/Props/Materials/M_Statue.uexp" 594
"D:/UEPROJECTS/SuperArena_ForFun/SuperArena/Content/StarterContent/Props/Materials/M_StatueGlass.uasset" 595
"D:/UEPROJECTS/SuperArena_ForFun/SuperArena/Content/StarterContent/Props/Materials/M_StatueGlass.uexp" 596
"D:/UEPROJECTS/SuperArena_ForFun/SuperArena/Content/StarterContent/Props/SM_Statue.uasset" 597
"D:/UEPROJECTS/SuperArena_ForFun/SuperArena/Content/StarterContent/Props/SM_Statue.uexp" 598
"D:/UEPROJECTS/SuperArena_ForFun/SuperArena/Content/StarterContent/Materials/M_Basic_Wall.uasset" 599
"D:/UEPROJECTS/SuperArena_ForFun/SuperArena/Content/StarterContent/Materials/M_Basic_Wall.uexp" 600
"D:/UEPROJECTS/SuperArena_ForFun/SuperArena/Content/StarterContent/Architecture/Wall_400x300.uasset" 601
"D:/UEPROJECTS/SuperArena_ForFun/SuperArena/Content/StarterContent/Architecture/Wall_400x300.uexp" 602
"D:/UEPROJECTS/SuperArena_ForFun/SuperArena/Content/LevelPrototyping/Textures/T_GridChecker_A.ubulk" 603
"D:/UEPROJECTS/SuperArena_ForFun/SuperArena/Content/LevelPrototyping/Textures/T_GridChecker_A.uasset" 604
"D:/UEPROJECTS/SuperArena_ForFun/SuperArena/Content/LevelPrototyping/Textures/T_GridChecker_A.uexp" 605
"../../../Engine/Content/Functions/Engine_MaterialFunctions01/Gradient/LinearGradient.uasset" 606
"../../../Engine/Content/Functions/Engine_MaterialFunctions01/Gradient/LinearGradient.uexp" 607
"../../../Engine/Content/Functions/Engine_MaterialFunctions01/ImageAdjustment/CheapContrast.uasset" 608
"../../../Engine/Content/Functions/Engine_MaterialFunctions01/ImageAdjustment/CheapContrast.uexp" 609
"D:/UEPROJECTS/SuperArena_ForFun/SuperArena/Content/LevelPrototyping/Materials/MF_ProcGrid.uasset" 610
"D:/UEPROJECTS/SuperArena_ForFun/SuperArena/Content/LevelPrototyping/Materials/MF_ProcGrid.uexp" 611
"D:/UEPROJECTS/SuperArena_ForFun/SuperArena/Content/LevelPrototyping/Materials/M_PrototypeGrid.uasset" 612
"D:/UEPROJECTS/SuperArena_ForFun/SuperArena/Content/LevelPrototyping/Materials/M_PrototypeGrid.uexp" 613
"D:/UEPROJECTS/SuperArena_ForFun/SuperArena/Content/LevelPrototyping/Materials/MI_PrototypeGrid_Gray.uasset" 614
"D:/UEPROJECTS/SuperArena_ForFun/SuperArena/Content/LevelPrototyping/Materials/MI_PrototypeGrid_Gray.uexp" 615
"D:/UEPROJECTS/SuperArena_ForFun/SuperArena/Content/LevelPrototyping/Meshes/SM_Cube.uasset" 616
"D:/UEPROJECTS/SuperArena_ForFun/SuperArena/Content/LevelPrototyping/Meshes/SM_Cube.uexp" 617
"D:/UEPROJECTS/SuperArena_ForFun/SuperArena/Content/StarterContent/Shapes/Shape_Cube.uasset" 618
"D:/UEPROJECTS/SuperArena_ForFun/SuperArena/Content/StarterContent/Shapes/Shape_Cube.uexp" 619
"D:/UEPROJECTS/SuperArena_ForFun/SuperArena/Content/Materials/Ball_Material.uasset" 620
"D:/UEPROJECTS/SuperArena_ForFun/SuperArena/Content/Materials/Ball_Material.uexp" 621
"D:/UEPROJECTS/SuperArena_ForFun/SuperArena/Content/StarterContent/Shapes/Shape_Sphere.uasset" 622
"D:/UEPROJECTS/SuperArena_ForFun/SuperArena/Content/StarterContent/Shapes/Shape_Sphere.uexp" 623
"D:/UEPROJECTS/SuperArena_ForFun/SuperArena/Content/BP/Ball_BP.uasset" 624
"D:/UEPROJECTS/SuperArena_ForFun/SuperArena/Content/BP/Ball_BP.uexp" 625
"D:/UEPROJECTS/SuperArena_ForFun/SuperArena/Content/BP/BP_MultiBallPowerUp.uasset" 626
"D:/UEPROJECTS/SuperArena_ForFun/SuperArena/Content/BP/BP_MultiBallPowerUp.uexp" 627
"../../../Engine/Plugins/FX/Niagara/Content/Enums/ENiagaraSphereDistributionMode.uasset" 628
"../../../Engine/Plugins/FX/Niagara/Content/Enums/ENiagaraSphereDistributionMode.uexp" 629
"../../../Engine/Plugins/FX/Niagara/Content/Enums/ENiagaraTorusDistributionMode.uasset" 630
"../../../Engine/Plugins/FX/Niagara/Content/Enums/ENiagaraTorusDistributionMode.uexp" 631
"../../../Engine/Plugins/FX/Niagara/Content/Enums/Location/ENiagara_LocationShapes.uasset" 632
"../../../Engine/Plugins/FX/Niagara/Content/Enums/Location/ENiagara_LocationShapes.uexp" 633
"../../../Engine/Plugins/FX/Niagara/Content/Enums/Location/ENiagara_CylinderMode.uasset" 634
"../../../Engine/Plugins/FX/Niagara/Content/Enums/Location/ENiagara_CylinderMode.uexp" 635
"../../../Engine/Plugins/FX/Niagara/Content/Enums/Transforms/ENiagara_ScaleMode.uasset" 636
"../../../Engine/Plugins/FX/Niagara/Content/Enums/Transforms/ENiagara_ScaleMode.uexp" 637
"../../../Engine/Plugins/FX/Niagara/Content/Enums/Location/ENiagara_ConeMode.uasset" 638
"../../../Engine/Plugins/FX/Niagara/Content/Enums/Location/ENiagara_ConeMode.uexp" 639
"../../../Engine/Plugins/FX/Niagara/Content/Enums/ENiagara_AttributeSamplingApplyOutput.uasset" 640
"../../../Engine/Plugins/FX/Niagara/Content/Enums/ENiagara_AttributeSamplingApplyOutput.uexp" 641
"../../../Engine/Plugins/FX/Niagara/Content/DynamicInputs/TypeConversions/Vector2DFromFloat.uasset" 642
"../../../Engine/Plugins/FX/Niagara/Content/DynamicInputs/TypeConversions/Vector2DFromFloat.uexp" 643
"../../../Engine/Plugins/FX/Niagara/Content/Enums/Transforms/ENiagara_OffsetMode.uasset" 644
"../../../Engine/Plugins/FX/Niagara/Content/Enums/Transforms/ENiagara_OffsetMode.uexp" 645
"../../../Engine/Plugins/FX/Niagara/Content/Enums/Location/ENiagara_BoxPlaneMode.uasset" 646
"../../../Engine/Plugins/FX/Niagara/Content/Enums/Location/ENiagara_BoxPlaneMode.uexp" 647
"../../../Engine/Plugins/FX/Niagara/Content/Enums/Transforms/ENiagara_TransformOrder.uasset" 648
"../../../Engine/Plugins/FX/Niagara/Content/Enums/Transforms/ENiagara_TransformOrder.uexp" 649
"../../../Engine/Plugins/FX/Niagara/Content/Enums/Location/ENiagaraRingDiscMode.uasset" 650
"../../../Engine/Plugins/FX/Niagara/Content/Enums/Location/ENiagaraRingDiscMode.uexp" 651
"../../../Engine/Plugins/FX/Niagara/Content/Enums/ENiagaraShapeTorusMode.uasset" 652
"../../../Engine/Plugins/FX/Niagara/Content/Enums/ENiagaraShapeTorusMode.uexp" 653
"../../../Engine/Plugins/FX/Niagara/Content/Enums/ENiagaraExpansionMode.uasset" 654
"../../../Engine/Plugins/FX/Niagara/Content/Enums/ENiagaraExpansionMode.uexp" 655
"../../../Engine/Plugins/FX/Niagara/Content/Functions/Rotation/RotateVector2D.uasset" 656
"../../../Engine/Plugins/FX/Niagara/Content/Functions/Rotation/RotateVector2D.uexp" 657
"../../../Engine/Plugins/FX/Niagara/Content/Functions/V2/RemapRange.uasset" 658
"../../../Engine/Plugins/FX/Niagara/Content/Functions/V2/RemapRange.uexp" 659
"../../../Engine/Plugins/FX/Niagara/Content/Functions/IsolateLongestVectorComponent.uasset" 660
"../../../Engine/Plugins/FX/Niagara/Content/Functions/IsolateLongestVectorComponent.uexp" 661
"../../../Engine/Plugins/FX/Niagara/Content/Functions/RandomPointInBox.uasset" 662
"../../../Engine/Plugins/FX/Niagara/Content/Functions/RandomPointInBox.uexp" 663
"../../../Engine/Plugins/FX/Niagara/Content/Functions/ParametricTorusKnot.uasset" 664
"../../../Engine/Plugins/FX/Niagara/Content/Functions/ParametricTorusKnot.uexp" 665
"../../../Engine/Plugins/FX/Niagara/Content/Functions/PolarToCartesianCoordinates.uasset" 666
"../../../Engine/Plugins/FX/Niagara/Content/Functions/PolarToCartesianCoordinates.uexp" 667
"../../../Engine/Plugins/FX/Niagara/Content/Functions/ParametricTorus.uasset" 668
"../../../Engine/Plugins/FX/Niagara/Content/Functions/ParametricTorus.uexp" 669
"../../../Engine/Plugins/FX/Niagara/Content/Functions/Localspace/TransformPosition.uasset" 670
"../../../Engine/Plugins/FX/Niagara/Content/Functions/Localspace/TransformPosition.uexp" 671
"../../../Engine/Plugins/FX/Niagara/Content/Functions/NormalizedExecutionIndex.uasset" 672
"../../../Engine/Plugins/FX/Niagara/Content/Functions/NormalizedExecutionIndex.uexp" 673
"../../../Engine/Plugins/FX/Niagara/Content/Functions/SphericalToCartesianCoordinates.uasset" 674
"../../../Engine/Plugins/FX/Niagara/Content/Functions/SphericalToCartesianCoordinates.uexp" 675
"../../../Engine/Plugins/FX/Niagara/Content/Enums/Transforms/ENiagara_TransformType.uasset" 676
"../../../Engine/Plugins/FX/Niagara/Content/Enums/Transforms/ENiagara_TransformType.uexp" 677
"../../../Engine/Plugins/FX/Niagara/Content/Modules/Spawn/Location/V2/ShapeLocation.uasset" 678
"../../../Engine/Plugins/FX/Niagara/Content/Modules/Spawn/Location/V2/ShapeLocation.uexp" 679
"../../../Engine/Plugins/FX/Niagara/Content/Enums/SpriteRenderer/ENiagara_ScaleSpriteSize.uasset" 680
"../../../Engine/Plugins/FX/Niagara/Content/Enums/SpriteRenderer/ENiagara_ScaleSpriteSize.uexp" 681
"../../../Engine/Plugins/FX/Niagara/Content/Modules/Update/Size/ScaleSpriteSize.uasset" 682
"../../../Engine/Plugins/FX/Niagara/Content/Modules/Update/Size/ScaleSpriteSize.uexp" 683
"D:/UEPROJECTS/SuperArena_ForFun/SuperArena/Content/ArenaAssets/Effects/VFX_GoalExplosion.uasset" 684
"D:/UEPROJECTS/SuperArena_ForFun/SuperArena/Content/ArenaAssets/Effects/VFX_GoalExplosion.uexp" 685
"D:/UEPROJECTS/SuperArena_ForFun/SuperArena/Content/BP/BP_Goal.uasset" 686
"D:/UEPROJECTS/SuperArena_ForFun/SuperArena/Content/BP/BP_Goal.uexp" 687
"D:/UEPROJECTS/SuperArena_ForFun/SuperArena/Content/ArenaAssets/Meshes/Stadium/SM_Straight.uasset" 688
"D:/UEPROJECTS/SuperArena_ForFun/SuperArena/Content/ArenaAssets/Meshes/Stadium/SM_Straight.uexp" 689
"D:/UEPROJECTS/SuperArena_ForFun/SuperArena/Content/ArenaAssets/Meshes/Stadium/SM_Stands.uasset" 690
"D:/UEPROJECTS/SuperArena_ForFun/SuperArena/Content/ArenaAssets/Meshes/Stadium/SM_Stands.uexp" 691
"../../../Engine/Content/MobileResources/HUD/VirtualJoystick_Background.uasset" 692
"../../../Engine/Content/MobileResources/HUD/VirtualJoystick_Background.uexp" 693
"../../../Engine/Content/MobileResources/HUD/VirtualJoystick_Thumb.uasset" 694
"../../../Engine/Content/MobileResources/HUD/VirtualJoystick_Thumb.uexp" 695
"../../../Engine/Content/MobileResources/HUD/DefaultVirtualJoysticks.uasset" 696
"../../../Engine/Content/MobileResources/HUD/DefaultVirtualJoysticks.uexp" 697
"../../../Engine/Content/Tutorial/ContentIntroCurve.uasset" 698
"../../../Engine/Content/Tutorial/ContentIntroCurve.uexp" 699
"../../../Engine/Content/VREditor/TransformGizmo/Main.uasset" 700
"../../../Engine/Content/VREditor/TransformGizmo/Main.uexp" 701
"../../../Engine/Content/VREditor/TransformGizmo/Xray.uasset" 702
"../../../Engine/Content/VREditor/TransformGizmo/Xray.uexp" 703
"../../../Engine/Content/VREditor/TransformGizmo/SM_Sequencer_Node.uasset" 704
"../../../Engine/Content/VREditor/TransformGizmo/SM_Sequencer_Node.uexp" 705
"../../../Engine/Content/VREditor/LaserPointer/VR_LaserPower_01.ubulk" 706
"../../../Engine/Content/VREditor/LaserPointer/VR_LaserPower_01.uasset" 707
"../../../Engine/Content/VREditor/LaserPointer/VR_LaserPower_01.uexp" 708
"../../../Engine/Content/VREditor/TransformGizmo/TransformGizmoMaterial.uasset" 709
"../../../Engine/Content/VREditor/TransformGizmo/TransformGizmoMaterial.uexp" 710
"../../../Engine/Content/VREditor/TransformGizmo/TranslucentTransformGizmoMaterial.uasset" 711
"../../../Engine/Content/VREditor/TransformGizmo/TranslucentTransformGizmoMaterial.uexp" 712
"../../../Engine/Content/VREditor/TransformGizmo/PlaneTranslationHandle.uasset" 713
"../../../Engine/Content/VREditor/TransformGizmo/PlaneTranslationHandle.uexp" 714
"../../../Engine/Content/VREditor/TransformGizmo/BoundingBoxEdge.uasset" 715
"../../../Engine/Content/VREditor/TransformGizmo/BoundingBoxEdge.uexp" 716
"../../../Engine/Content/VREditor/TransformGizmo/BoundingBoxCorner.uasset" 717
"../../../Engine/Content/VREditor/TransformGizmo/BoundingBoxCorner.uexp" 718
"../../../Engine/Plugins/2D/Paper2D/Content/PlaceholderTextures/DummySpriteTexture.ubulk" 719
"../../../Engine/Plugins/2D/Paper2D/Content/PlaceholderTextures/DummySpriteTexture.uasset" 720
"../../../Engine/Plugins/2D/Paper2D/Content/PlaceholderTextures/DummySpriteTexture.uexp" 721
"../../../Engine/Plugins/2D/Paper2D/Content/DefaultSpriteMaterial.uasset" 722
"../../../Engine/Plugins/2D/Paper2D/Content/DefaultSpriteMaterial.uexp" 723
"../../../Engine/Plugins/2D/Paper2D/Content/OpaqueUnlitSpriteMaterial.uasset" 724
"../../../Engine/Plugins/2D/Paper2D/Content/OpaqueUnlitSpriteMaterial.uexp" 725
"../../../Engine/Plugins/2D/Paper2D/Content/MaskedUnlitSpriteMaterial.uasset" 726
"../../../Engine/Plugins/2D/Paper2D/Content/MaskedUnlitSpriteMaterial.uexp" 727
"../../../Engine/Plugins/2D/Paper2D/Content/DummySprite.uasset" 728
"../../../Engine/Plugins/2D/Paper2D/Content/DummySprite.uexp" 729
"../../../Engine/Plugins/2D/Paper2D/Content/DefaultPaperTerrainMaterial.uasset" 730
"../../../Engine/Plugins/2D/Paper2D/Content/DefaultPaperTerrainMaterial.uexp" 731
"../../../Engine/Plugins/Animation/ControlRig/Content/M_Manip.uasset" 732
"../../../Engine/Plugins/Animation/ControlRig/Content/M_Manip.uexp" 733
"../../../Engine/Plugins/Animation/ControlRig/Content/Controls/DefaultGizmoLibraryNormalized.uasset" 734
"../../../Engine/Plugins/Animation/ControlRig/Content/Controls/DefaultGizmoLibraryNormalized.uexp" 735
"../../../Engine/Plugins/Animation/ControlRig/Content/Controls/ControlRig_Wedge_solid.uasset" 736
"../../../Engine/Plugins/Animation/ControlRig/Content/Controls/ControlRig_Wedge_solid.uexp" 737
"../../../Engine/Plugins/Animation/ControlRig/Content/Controls/ControlRig_Wedge_3mm.uasset" 738
"../../../Engine/Plugins/Animation/ControlRig/Content/Controls/ControlRig_Wedge_3mm.uexp" 739
"../../../Engine/Plugins/Animation/ControlRig/Content/Controls/ControlRig_Wedge_1mm.uasset" 740
"../../../Engine/Plugins/Animation/ControlRig/Content/Controls/ControlRig_Wedge_1mm.uexp" 741
"../../../Engine/Plugins/Animation/ControlRig/Content/Controls/ControlRig_Triangle_solid.uasset" 742
"../../../Engine/Plugins/Animation/ControlRig/Content/Controls/ControlRig_Triangle_solid.uexp" 743
"../../../Engine/Plugins/Animation/ControlRig/Content/Controls/ControlRig_Triangle_3mm.uasset" 744
"../../../Engine/Plugins/Animation/ControlRig/Content/Controls/ControlRig_Triangle_3mm.uexp" 745
"../../../Engine/Plugins/Animation/ControlRig/Content/Controls/ControlRig_Triangle_1mm.uasset" 746
"../../../Engine/Plugins/Animation/ControlRig/Content/Controls/ControlRig_Triangle_1mm.uexp" 747
"../../../Engine/Plugins/Animation/ControlRig/Content/Controls/ControlRig_Star4_solid.uasset" 748
"../../../Engine/Plugins/Animation/ControlRig/Content/Controls/ControlRig_Star4_solid.uexp" 749
"../../../Engine/Plugins/Animation/ControlRig/Content/Controls/ControlRig_Star4_3mm.uasset" 750
"../../../Engine/Plugins/Animation/ControlRig/Content/Controls/ControlRig_Star4_3mm.uexp" 751
"../../../Engine/Plugins/Animation/ControlRig/Content/Controls/ControlRig_Star4_1mm.uasset" 752
"../../../Engine/Plugins/Animation/ControlRig/Content/Controls/ControlRig_Star4_1mm.uexp" 753
"../../../Engine/Plugins/Animation/ControlRig/Content/Controls/ControlRig_Square_solid.uasset" 754
"../../../Engine/Plugins/Animation/ControlRig/Content/Controls/ControlRig_Square_solid.uexp" 755
"../../../Engine/Plugins/Animation/ControlRig/Content/Controls/ControlRig_Square_3mm.uasset" 756
"../../../Engine/Plugins/Animation/ControlRig/Content/Controls/ControlRig_Square_3mm.uexp" 757
"../../../Engine/Plugins/Animation/ControlRig/Content/Controls/ControlRig_Square_1mm.uasset" 758
"../../../Engine/Plugins/Animation/ControlRig/Content/Controls/ControlRig_Square_1mm.uexp" 759
"../../../Engine/Plugins/Animation/ControlRig/Content/Controls/ControlRig_Sphere_solid.uasset" 760
"../../../Engine/Plugins/Animation/ControlRig/Content/Controls/ControlRig_Sphere_solid.uexp" 761
"../../../Engine/Plugins/Animation/ControlRig/Content/Controls/ControlRig_Sphere_3mm.uasset" 762
"../../../Engine/Plugins/Animation/ControlRig/Content/Controls/ControlRig_Sphere_3mm.uexp" 763
"../../../Engine/Plugins/Animation/ControlRig/Content/Controls/ControlRig_Sphere_1mm.uasset" 764
"../../../Engine/Plugins/Animation/ControlRig/Content/Controls/ControlRig_Sphere_1mm.uexp" 765
"../../../Engine/Plugins/Animation/ControlRig/Content/Controls/ControlRig_RoundedTriangle_solid.uasset" 766
"../../../Engine/Plugins/Animation/ControlRig/Content/Controls/ControlRig_RoundedTriangle_solid.uexp" 767
"../../../Engine/Plugins/Animation/ControlRig/Content/Controls/ControlRig_RoundedTriangle_3mm.uasset" 768
"../../../Engine/Plugins/Animation/ControlRig/Content/Controls/ControlRig_RoundedTriangle_3mm.uexp" 769
"../../../Engine/Plugins/Animation/ControlRig/Content/Controls/ControlRig_RoundedTriangle_1mm.uasset" 770
"../../../Engine/Plugins/Animation/ControlRig/Content/Controls/ControlRig_RoundedTriangle_1mm.uexp" 771
"../../../Engine/Plugins/Animation/ControlRig/Content/Controls/ControlRig_RoundedSquare_solid.uasset" 772
"../../../Engine/Plugins/Animation/ControlRig/Content/Controls/ControlRig_RoundedSquare_solid.uexp" 773
"../../../Engine/Plugins/Animation/ControlRig/Content/Controls/ControlRig_RoundedSquare_3mm.uasset" 774
"../../../Engine/Plugins/Animation/ControlRig/Content/Controls/ControlRig_RoundedSquare_3mm.uexp" 775
"../../../Engine/Plugins/Animation/ControlRig/Content/Controls/ControlRig_RoundedSquare_1mm.uasset" 776
"../../../Engine/Plugins/Animation/ControlRig/Content/Controls/ControlRig_RoundedSquare_1mm.uexp" 777
"../../../Engine/Plugins/Animation/ControlRig/Content/Controls/ControlRig_QuarterCircle_solid.uasset" 778
"../../../Engine/Plugins/Animation/ControlRig/Content/Controls/ControlRig_QuarterCircle_solid.uexp" 779
"../../../Engine/Plugins/Animation/ControlRig/Content/Controls/ControlRig_QuarterCircle_3mm.uasset" 780
"../../../Engine/Plugins/Animation/ControlRig/Content/Controls/ControlRig_QuarterCircle_3mm.uexp" 781
"../../../Engine/Plugins/Animation/ControlRig/Content/Controls/ControlRig_QuarterCircle_1mm.uasset" 782
"../../../Engine/Plugins/Animation/ControlRig/Content/Controls/ControlRig_QuarterCircle_1mm.uexp" 783
"../../../Engine/Plugins/Animation/ControlRig/Content/Controls/ControlRig_Pyramid_solid.uasset" 784
"../../../Engine/Plugins/Animation/ControlRig/Content/Controls/ControlRig_Pyramid_solid.uexp" 785
"../../../Engine/Plugins/Animation/ControlRig/Content/Controls/ControlRig_Pyramid_3mm.uasset" 786
"../../../Engine/Plugins/Animation/ControlRig/Content/Controls/ControlRig_Pyramid_3mm.uexp" 787
"../../../Engine/Plugins/Animation/ControlRig/Content/Controls/ControlRig_Pyramid_1mm.uasset" 788
"../../../Engine/Plugins/Animation/ControlRig/Content/Controls/ControlRig_Pyramid_1mm.uexp" 789
"../../../Engine/Plugins/Animation/ControlRig/Content/Controls/ControlRig_Octagon_solid.uasset" 790
"../../../Engine/Plugins/Animation/ControlRig/Content/Controls/ControlRig_Octagon_solid.uexp" 791
"../../../Engine/Plugins/Animation/ControlRig/Content/Controls/ControlRig_Octagon_3mm.uasset" 792
"../../../Engine/Plugins/Animation/ControlRig/Content/Controls/ControlRig_Octagon_3mm.uexp" 793
"../../../Engine/Plugins/Animation/ControlRig/Content/Controls/ControlRig_Octagon_1mm.uasset" 794
"../../../Engine/Plugins/Animation/ControlRig/Content/Controls/ControlRig_Octagon_1mm.uexp" 795
"../../../Engine/Plugins/Animation/ControlRig/Content/Controls/ControlRig_Hexagon_solid.uasset" 796
"../../../Engine/Plugins/Animation/ControlRig/Content/Controls/ControlRig_Hexagon_solid.uexp" 797
"../../../Engine/Plugins/Animation/ControlRig/Content/Controls/ControlRig_Hexagon_3mm.uasset" 798
"../../../Engine/Plugins/Animation/ControlRig/Content/Controls/ControlRig_Hexagon_3mm.uexp" 799
"../../../Engine/Plugins/Animation/ControlRig/Content/Controls/ControlRig_Hexagon_1mm.uasset" 800
"../../../Engine/Plugins/Animation/ControlRig/Content/Controls/ControlRig_Hexagon_1mm.uexp" 801
"../../../Engine/Plugins/Animation/ControlRig/Content/Controls/ControlRig_HalfCircle_solid.uasset" 802
"../../../Engine/Plugins/Animation/ControlRig/Content/Controls/ControlRig_HalfCircle_solid.uexp" 803
"../../../Engine/Plugins/Animation/ControlRig/Content/Controls/ControlRig_HalfCircle_3mm.uasset" 804
"../../../Engine/Plugins/Animation/ControlRig/Content/Controls/ControlRig_HalfCircle_3mm.uexp" 805
"../../../Engine/Plugins/Animation/ControlRig/Content/Controls/ControlRig_HalfCircle_1mm.uasset" 806
"../../../Engine/Plugins/Animation/ControlRig/Content/Controls/ControlRig_HalfCircle_1mm.uexp" 807
"../../../Engine/Plugins/Animation/ControlRig/Content/Controls/ControlRig_Diamond_solid.uasset" 808
"../../../Engine/Plugins/Animation/ControlRig/Content/Controls/ControlRig_Diamond_solid.uexp" 809
"../../../Engine/Plugins/Animation/ControlRig/Content/Controls/ControlRig_Diamond_3mm.uasset" 810
"../../../Engine/Plugins/Animation/ControlRig/Content/Controls/ControlRig_Diamond_3mm.uexp" 811
"../../../Engine/Plugins/Animation/ControlRig/Content/Controls/ControlRig_Diamond_1mm.uasset" 812
"../../../Engine/Plugins/Animation/ControlRig/Content/Controls/ControlRig_Diamond_1mm.uexp" 813
"../../../Engine/Plugins/Animation/ControlRig/Content/Controls/ControlRig_Circle_solid.uasset" 814
"../../../Engine/Plugins/Animation/ControlRig/Content/Controls/ControlRig_Circle_solid.uexp" 815
"../../../Engine/Plugins/Animation/ControlRig/Content/Controls/ControlRig_Circle_3mm.uasset" 816
"../../../Engine/Plugins/Animation/ControlRig/Content/Controls/ControlRig_Circle_3mm.uexp" 817
"../../../Engine/Plugins/Animation/ControlRig/Content/Controls/ControlRig_Circle_1mm.uasset" 818
"../../../Engine/Plugins/Animation/ControlRig/Content/Controls/ControlRig_Circle_1mm.uexp" 819
"../../../Engine/Plugins/Animation/ControlRig/Content/Controls/ControlRig_Box_solid.uasset" 820
"../../../Engine/Plugins/Animation/ControlRig/Content/Controls/ControlRig_Box_solid.uexp" 821
"../../../Engine/Plugins/Animation/ControlRig/Content/Controls/ControlRig_Box_3mm.uasset" 822
"../../../Engine/Plugins/Animation/ControlRig/Content/Controls/ControlRig_Box_3mm.uexp" 823
"../../../Engine/Plugins/Animation/ControlRig/Content/Controls/ControlRig_Box_1mm.uasset" 824
"../../../Engine/Plugins/Animation/ControlRig/Content/Controls/ControlRig_Box_1mm.uexp" 825
"../../../Engine/Plugins/Animation/ControlRig/Content/Controls/ControlRig_Arrow_solid.uasset" 826
"../../../Engine/Plugins/Animation/ControlRig/Content/Controls/ControlRig_Arrow_solid.uexp" 827
"../../../Engine/Plugins/Animation/ControlRig/Content/Controls/ControlRig_Arrow_3mm.uasset" 828
"../../../Engine/Plugins/Animation/ControlRig/Content/Controls/ControlRig_Arrow_3mm.uexp" 829
"../../../Engine/Plugins/Animation/ControlRig/Content/Controls/ControlRig_Arrow_1mm.uasset" 830
"../../../Engine/Plugins/Animation/ControlRig/Content/Controls/ControlRig_Arrow_1mm.uexp" 831
"../../../Engine/Plugins/Animation/ControlRig/Content/Controls/ControlRig_Arrow4_solid.uasset" 832
"../../../Engine/Plugins/Animation/ControlRig/Content/Controls/ControlRig_Arrow4_solid.uexp" 833
"../../../Engine/Plugins/Animation/ControlRig/Content/Controls/ControlRig_Arrow4_3mm.uasset" 834
"../../../Engine/Plugins/Animation/ControlRig/Content/Controls/ControlRig_Arrow4_3mm.uexp" 835
"../../../Engine/Plugins/Animation/ControlRig/Content/Controls/ControlRig_Arrow4_1mm.uasset" 836
"../../../Engine/Plugins/Animation/ControlRig/Content/Controls/ControlRig_Arrow4_1mm.uexp" 837
"../../../Engine/Plugins/Animation/ControlRig/Content/Controls/ControlRig_Arrow2_solid.uasset" 838
"../../../Engine/Plugins/Animation/ControlRig/Content/Controls/ControlRig_Arrow2_solid.uexp" 839
"../../../Engine/Plugins/Animation/ControlRig/Content/Controls/ControlRig_Arrow2_3mm.uasset" 840
"../../../Engine/Plugins/Animation/ControlRig/Content/Controls/ControlRig_Arrow2_3mm.uexp" 841
"../../../Engine/Plugins/Animation/ControlRig/Content/Controls/ControlRig_Arrow2_1mm.uasset" 842
"../../../Engine/Plugins/Animation/ControlRig/Content/Controls/ControlRig_Arrow2_1mm.uexp" 843
"../../../Engine/Plugins/Animation/ControlRig/Content/Controls/ControlRigGizmoMaterial.uasset" 844
"../../../Engine/Plugins/Animation/ControlRig/Content/Controls/ControlRigGizmoMaterial.uexp" 845
"../../../Engine/Plugins/Editor/SpeedTreeImporter/Content/SpeedTree9/game_wind_noise.ubulk" 846
"../../../Engine/Plugins/Editor/SpeedTreeImporter/Content/SpeedTree9/game_wind_noise.uasset" 847
"../../../Engine/Plugins/Editor/SpeedTreeImporter/Content/SpeedTree9/game_wind_noise.uexp" 848
"../../../Engine/Plugins/Editor/SpeedTreeImporter/Content/SpeedTree9/UnpackDirection.uasset" 849
"../../../Engine/Plugins/Editor/SpeedTreeImporter/Content/SpeedTree9/UnpackDirection.uexp" 850
"../../../Engine/Content/Functions/Engine_MaterialFunctions02/ObjectLocalBounds.uasset" 851
"../../../Engine/Content/Functions/Engine_MaterialFunctions02/ObjectLocalBounds.uexp" 852
"../../../Engine/Content/Functions/Engine_MaterialFunctions02/UVs/BoundingBoxBased_0-1_UVW.uasset" 853
"../../../Engine/Content/Functions/Engine_MaterialFunctions02/UVs/BoundingBoxBased_0-1_UVW.uexp" 854
"../../../Engine/Content/Functions/Engine_MaterialFunctions02/Utility/VectorLength.uasset" 855
"../../../Engine/Content/Functions/Engine_MaterialFunctions02/Utility/VectorLength.uexp" 856
"../../../Engine/Plugins/Editor/SpeedTreeImporter/Content/SpeedTree9/UnpackInteger3.uasset" 857
"../../../Engine/Plugins/Editor/SpeedTreeImporter/Content/SpeedTree9/UnpackInteger3.uexp" 858
"../../../Engine/Plugins/Editor/SpeedTreeImporter/Content/SpeedTree9/SpeedTreeCameraFacing.uasset" 859
"../../../Engine/Plugins/Editor/SpeedTreeImporter/Content/SpeedTree9/SpeedTreeCameraFacing.uexp" 860
"../../../Engine/Content/Functions/Engine_MaterialFunctions02/WorldPositionOffset/ObjectScale.uasset" 861
"../../../Engine/Content/Functions/Engine_MaterialFunctions02/WorldPositionOffset/ObjectScale.uexp" 862
"../../../Engine/Content/Functions/Engine_MaterialFunctions02/SafeNormalize.uasset" 863
"../../../Engine/Content/Functions/Engine_MaterialFunctions02/SafeNormalize.uexp" 864
"../../../Engine/Plugins/Editor/SpeedTreeImporter/Content/SpeedTree9/SpeedTreeWindMotion.uasset" 865
"../../../Engine/Plugins/Editor/SpeedTreeImporter/Content/SpeedTree9/SpeedTreeWindMotion.uexp" 866
"../../../Engine/Plugins/Editor/SpeedTreeImporter/Content/SpeedTree9/SpeedTreeBranchMotion.uasset" 867
"../../../Engine/Plugins/Editor/SpeedTreeImporter/Content/SpeedTree9/SpeedTreeBranchMotion.uexp" 868
"../../../Engine/Plugins/Editor/SpeedTreeImporter/Content/SpeedTree9/SpeedTreeWind.uasset" 869
"../../../Engine/Plugins/Editor/SpeedTreeImporter/Content/SpeedTree9/SpeedTreeWind.uexp" 870
"../../../Engine/Plugins/Editor/SpeedTreeImporter/Content/SpeedTree9/EmptyNormal.uasset" 871
"../../../Engine/Plugins/Editor/SpeedTreeImporter/Content/SpeedTree9/EmptyNormal.uexp" 872
"../../../Engine/Plugins/Editor/SpeedTreeImporter/Content/SpeedTree9/Empty.uasset" 873
"../../../Engine/Plugins/Editor/SpeedTreeImporter/Content/SpeedTree9/Empty.uexp" 874
"../../../Engine/Plugins/Editor/SpeedTreeImporter/Content/SpeedTree9/SpeedTreeMaster.uasset" 875
"../../../Engine/Plugins/Editor/SpeedTreeImporter/Content/SpeedTree9/SpeedTreeMaster.uexp" 876
"../../../Engine/Plugins/Editor/SpeedTreeImporter/Content/SpeedTree9/SpeedTreeBillboard.uasset" 877
"../../../Engine/Plugins/Editor/SpeedTreeImporter/Content/SpeedTree9/SpeedTreeBillboard.uexp" 878
"../../../Engine/Plugins/Editor/SpeedTreeImporter/Content/SpeedTree9/SpeedTreeBillboardMaster.uasset" 879
"../../../Engine/Plugins/Editor/SpeedTreeImporter/Content/SpeedTree9/SpeedTreeBillboardMaster.uexp" 880
"../../../Engine/Plugins/Runtime/HairStrands/Content/Materials/HairMeshesDefaultMaterial.uasset" 881
"../../../Engine/Plugins/Runtime/HairStrands/Content/Materials/HairMeshesDefaultMaterial.uexp" 882
"../../../Engine/Plugins/Runtime/HairStrands/Content/Materials/HairDefaultMaterial.uasset" 883
"../../../Engine/Plugins/Runtime/HairStrands/Content/Materials/HairDefaultMaterial.uexp" 884
"../../../Engine/Plugins/Runtime/HairStrands/Content/Materials/HairGroupColors.uasset" 885
"../../../Engine/Plugins/Runtime/HairStrands/Content/Materials/HairGroupColors.uexp" 886
"../../../Engine/Content/EngineMaterials/HairColorMap.uasset" 887
"../../../Engine/Content/EngineMaterials/HairColorMap.uexp" 888
"../../../Engine/Content/EngineMaterials/HairDebugColor.uasset" 889
"../../../Engine/Content/EngineMaterials/HairDebugColor.uexp" 890
"../../../Engine/Plugins/Runtime/HairStrands/Content/Materials/HairDebugMaterial.uasset" 891
"../../../Engine/Plugins/Runtime/HairStrands/Content/Materials/HairDebugMaterial.uexp" 892
"../../../Engine/Plugins/Runtime/HairStrands/Content/Materials/HairCardsDefaultMaterial.uasset" 893
"../../../Engine/Plugins/Runtime/HairStrands/Content/Materials/HairCardsDefaultMaterial.uexp" 894
"D:/UEPROJECTS/SuperArena_ForFun/SuperArena/Content/Widgets/MainScoreUI.uasset" 895
"D:/UEPROJECTS/SuperArena_ForFun/SuperArena/Content/Widgets/MainScoreUI.uexp" 896
"D:/UEPROJECTS/SuperArena_ForFun/SuperArena/Content/BP/BP_SuperArenaGameMode.uasset" 897
"D:/UEPROJECTS/SuperArena_ForFun/SuperArena/Content/BP/BP_SuperArenaGameMode.uexp" 898
"../../../Engine/Content/Maps/Templates/HLODs/HLODLayer_Instanced.uasset" 899
"../../../Engine/Content/Maps/Templates/HLODs/HLODLayer_Instanced.uexp" 900
"D:/UEPROJECTS/SuperArena_ForFun/SuperArena/Content/ThirdPerson/Maps/ThirdPersonMap.uexp" 901
"D:/UEPROJECTS/SuperArena_ForFun/SuperArena/Content/ThirdPerson/Maps/ThirdPersonMap.umap" 902
"../../../Engine/Content/Maps/Entry_BuiltData.uasset" 903
"../../../Engine/Content/Maps/Entry_BuiltData.uexp" 904
"../../../Engine/Content/Maps/Entry.uexp" 905
"../../../Engine/Content/Maps/Entry.umap" 906
